This file contains any messages produced by compilers while
running configure, to aid debugging if configure makes a mistake.

It was created by configure, which was
generated by GNU Autoconf 2.59.  Invocation command line was

  $ /home/meghanmurphy31/cs161/cs161-binutils-1.5/binutils-2.17/binutils/configure --cache-file=./config.cache --build=x86_64-unknown-linux-gnu --host=x86_64-unknown-linux-gnu --target=mips-linux --with-gnu-as --with-gnu-ld --with-stabs --nfp --prefix=/home/meghanmurphy31/cs161/tools --program-transform-name=s,^,mips-linux-,;  --srcdir=/home/meghanmurphy31/cs161/cs161-binutils-1.5/./binutils-2.17/binutils

## --------- ##
## Platform. ##
## --------- ##

hostname = os161-vm
uname -m = x86_64
uname -r = 6.1.0-29-cloud-amd64
uname -s = Linux
uname -v = #1 SMP PREEMPT_DYNAMIC Debian 6.1.123-1 (2025-01-02)

/usr/bin/uname -p = unknown
/bin/uname -X     = unknown

/bin/arch              = x86_64
/usr/bin/arch -k       = unknown
/usr/convex/getsysinfo = unknown
hostinfo               = unknown
/bin/machine           = unknown
/usr/bin/oslevel       = unknown
/bin/universe          = unknown

PATH: /home/meghanmurphy31/cs161/bin
PATH: /usr/local/bin
PATH: /usr/bin
PATH: /bin
PATH: /usr/local/games
PATH: /usr/games
PATH: /home/meghanmurphy31/cs161/tools/bin


## ----------- ##
## Core tests. ##
## ----------- ##

configure:1233: loading cache ./config.cache
configure:1353: checking build system type
configure:1371: result: x86_64-unknown-linux-gnu
configure:1379: checking host system type
configure:1393: result: x86_64-unknown-linux-gnu
configure:1401: checking target system type
configure:1415: result: mips-unknown-linux-gnu
configure:1437: checking for x86_64-unknown-linux-gnu-gcc
configure:1463: result: gcc
configure:1745: checking for C compiler version
configure:1748: gcc --version </dev/null >&5
gcc (Debian 12.2.0-14) 12.2.0
Copyright (C) 2022 Free Software Foundation, Inc.
This is free software; see the source for copying conditions.  There is NO
warranty; not even for MERCHANTABILITY or FITNESS FOR A PARTICULAR PURPOSE.

configure:1751: $? = 0
configure:1753: gcc -v </dev/null >&5
Using built-in specs.
COLLECT_GCC=gcc
COLLECT_LTO_WRAPPER=/usr/lib/gcc/x86_64-linux-gnu/12/lto-wrapper
OFFLOAD_TARGET_NAMES=nvptx-none:amdgcn-amdhsa
OFFLOAD_TARGET_DEFAULT=1
Target: x86_64-linux-gnu
Configured with: ../src/configure -v --with-pkgversion='Debian 12.2.0-14' --with-bugurl=file:///usr/share/doc/gcc-12/README.Bugs --enable-languages=c,ada,c++,go,d,fortran,objc,obj-c++,m2 --prefix=/usr --with-gcc-major-version-only --program-suffix=-12 --program-prefix=x86_64-linux-gnu- --enable-shared --enable-linker-build-id --libexecdir=/usr/lib --without-included-gettext --enable-threads=posix --libdir=/usr/lib --enable-nls --enable-clocale=gnu --enable-libstdcxx-debug --enable-libstdcxx-time=yes --with-default-libstdcxx-abi=new --enable-gnu-unique-object --disable-vtable-verify --enable-plugin --enable-default-pie --with-system-zlib --enable-libphobos-checking=release --with-target-system-zlib=auto --enable-objc-gc=auto --enable-multiarch --disable-werror --enable-cet --with-arch-32=i686 --with-abi=m64 --with-multilib-list=m32,m64,mx32 --enable-multilib --with-tune=generic --enable-offload-targets=nvptx-none=/build/gcc-12-bTRWOB/gcc-12-12.2.0/debian/tmp-nvptx/usr,amdgcn-amdhsa=/build/gcc-12-bTRWOB/gcc-12-12.2.0/debian/tmp-gcn/usr --enable-offload-defaulted --without-cuda-driver --enable-checking=release --build=x86_64-linux-gnu --host=x86_64-linux-gnu --target=x86_64-linux-gnu
Thread model: posix
Supported LTO compression algorithms: zlib zstd
gcc version 12.2.0 (Debian 12.2.0-14) 
configure:1756: $? = 0
configure:1758: gcc -V </dev/null >&5
gcc: error: unrecognized command-line option '-V'
gcc: fatal error: no input files
compilation terminated.
configure:1761: $? = 1
configure:1784: checking for C compiler default output file name
configure:1787: gcc -fcommon -std=gnu89 -g -O2 -Wno-error    conftest.c  >&5
configure:1790: $? = 0
configure:1836: result: a.out
configure:1841: checking whether the C compiler works
configure:1847: ./a.out
configure:1850: $? = 0
configure:1867: result: yes
configure:1874: checking whether we are cross compiling
configure:1876: result: no
configure:1879: checking for suffix of executables
configure:1881: gcc -o conftest -fcommon -std=gnu89 -g -O2 -Wno-error    conftest.c  >&5
configure:1884: $? = 0
configure:1909: result: 
configure:1915: checking for suffix of object files
configure:1961: result: o
configure:1965: checking whether we are using the GNU C compiler
configure:2021: result: yes
configure:2027: checking whether gcc accepts -g
configure:2078: result: yes
configure:2095: checking for gcc option to accept ANSI C
configure:2202: result: none needed
configure:2220: gcc -c -fcommon -std=gnu89 -g -O2 -Wno-error   conftest.c >&5
conftest.c:2:3: error: unknown type name 'choke'
    2 |   choke me
      |   ^~~~~
conftest.c:2:3: error: expected '=', ',', ';', 'asm' or '__attribute__' at end of input
configure:2226: $? = 1
configure: failed program was:
| #ifndef __cplusplus
|   choke me
| #endif
configure:2360: checking for library containing strerror
configure:2479: result: none required
configure:2502: checking for a BSD-compatible install
configure:2557: result: /usr/bin/install -c
configure:2568: checking whether build environment is sane
configure:2611: result: yes
configure:2676: checking for gawk
configure:2702: result: gawk
configure:2712: checking whether make sets $(MAKE)
configure:2732: result: yes
configure:2762: checking for style of include used by make
configure:2790: result: GNU
configure:2966: checking dependency style of gcc
configure:3056: result: none
configure:3152: checking for ld used by GCC
configure:3215: result: ld
configure:3224: checking if the linker (ld) is GNU ld
configure:3236: result: yes
configure:3241: checking for ld option to reload object files
configure:3248: result: -r
configure:3253: checking for BSD-compatible nm
configure:3289: result: nm
configure:3292: checking whether ln -s works
configure:3296: result: yes
configure:3303: checking how to recognise dependant libraries
configure:3466: result: pass_all
configure:3477: checking the maximum length of command line arguments
configure:3529: result: 49153
configure:3679: checking for x86_64-unknown-linux-gnu-ranlib
configure:3705: result: ranlib
configure:3759: checking for x86_64-unknown-linux-gnu-strip
configure:3788: result: no
configure:3797: checking for strip
configure:3824: result: strip
configure:3928: gcc -c -fcommon -std=gnu89 -g -O2 -Wno-error   conftest.c >&5
configure:3931: $? = 0
configure:4127: loading cache ./config.cache
ce PIC
ltconfig:687:checking that gcc PIC flag  -fPIC -DPIC works.
ltconfig:749: checking if gcc static flag -static works
ltconfig:780: finding the maximum length of command line arguments
ltconfig:@lineno@: result: 49153
ltconfig:887: checking if gcc supports -fno-rtti -fno-exceptions
ltconfig:888: gcc -c -fcommon -std=gnu89 -g -O2 -Wno-error  -fno-rtti -fno-exceptions -c conftest.c  conftest.c 1>&5
ltconfig:1431: checking if global_symbol_pipe works
ltconfig:1432: gcc -c -fcommon -std=gnu89 -g -O2 -Wno-error   conftest.c 1>&5
ltconfig:1435: eval "nm conftest.o | sed -n -e 's/^.*[ 	]\([ABCDGISTW][ABCDGISTW]*\)[ 	][ 	]*\(\)\([_A-Za-z][_A-Za-z0-9]*\)$/  /p' > conftest.nm"
ltconfig:1487: gcc -o conftest -fcommon -std=gnu89 -g -O2 -Wno-error  -fno-builtin   conftest.c conftstm.o 1>&5
configure:4255: checking for x86_64-unknown-linux-gnu-gcc
configure:4281: result: gcc
configure:4563: checking for C compiler version
configure:4566: gcc --version </dev/null >&5
gcc (Debian 12.2.0-14) 12.2.0
Copyright (C) 2022 Free Software Foundation, Inc.
This is free software; see the source for copying conditions.  There is NO
warranty; not even for MERCHANTABILITY or FITNESS FOR A PARTICULAR PURPOSE.

configure:4569: $? = 0
configure:4571: gcc -v </dev/null >&5
Using built-in specs.
COLLECT_GCC=gcc
COLLECT_LTO_WRAPPER=/usr/lib/gcc/x86_64-linux-gnu/12/lto-wrapper
OFFLOAD_TARGET_NAMES=nvptx-none:amdgcn-amdhsa
OFFLOAD_TARGET_DEFAULT=1
Target: x86_64-linux-gnu
Configured with: ../src/configure -v --with-pkgversion='Debian 12.2.0-14' --with-bugurl=file:///usr/share/doc/gcc-12/README.Bugs --enable-languages=c,ada,c++,go,d,fortran,objc,obj-c++,m2 --prefix=/usr --with-gcc-major-version-only --program-suffix=-12 --program-prefix=x86_64-linux-gnu- --enable-shared --enable-linker-build-id --libexecdir=/usr/lib --without-included-gettext --enable-threads=posix --libdir=/usr/lib --enable-nls --enable-clocale=gnu --enable-libstdcxx-debug --enable-libstdcxx-time=yes --with-default-libstdcxx-abi=new --enable-gnu-unique-object --disable-vtable-verify --enable-plugin --enable-default-pie --with-system-zlib --enable-libphobos-checking=release --with-target-system-zlib=auto --enable-objc-gc=auto --enable-multiarch --disable-werror --enable-cet --with-arch-32=i686 --with-abi=m64 --with-multilib-list=m32,m64,mx32 --enable-multilib --with-tune=generic --enable-offload-targets=nvptx-none=/build/gcc-12-bTRWOB/gcc-12-12.2.0/debian/tmp-nvptx/usr,amdgcn-amdhsa=/build/gcc-12-bTRWOB/gcc-12-12.2.0/debian/tmp-gcn/usr --enable-offload-defaulted --without-cuda-driver --enable-checking=release --build=x86_64-linux-gnu --host=x86_64-linux-gnu --target=x86_64-linux-gnu
Thread model: posix
Supported LTO compression algorithms: zlib zstd
gcc version 12.2.0 (Debian 12.2.0-14) 
configure:4574: $? = 0
configure:4576: gcc -V </dev/null >&5
gcc: error: unrecognized command-line option '-V'
gcc: fatal error: no input files
compilation terminated.
configure:4579: $? = 1
configure:4582: checking whether we are using the GNU C compiler
configure:4638: result: yes
configure:4644: checking whether gcc accepts -g
configure:4695: result: yes
configure:4712: checking for gcc option to accept ANSI C
configure:4819: result: none needed
configure:4837: gcc -c -fcommon -std=gnu89 -g -O2 -Wno-error   conftest.c >&5
conftest.c:2:3: error: unknown type name 'choke'
    2 |   choke me
      |   ^~~~~
conftest.c:2:3: error: expected '=', ',', ';', 'asm' or '__attribute__' at end of input
configure:4843: $? = 1
configure: failed program was:
| #ifndef __cplusplus
|   choke me
| #endif
configure:4987: checking for bison
configure:5013: result: bison -y
configure:5028: checking for flex
configure:5054: result: flex
configure:5067: checking for yywrap in -lfl
configure:5129: result: no
configure:5134: checking for yywrap in -ll
configure:5196: result: yes
configure:5207: checking lex output file root
configure:5233: result: lex.yy
configure:5238: checking whether yytext is a pointer
configure:5287: result: yes
configure:5306: checking for x86_64-unknown-linux-gnu-ranlib
configure:5332: result: ranlib
configure:5388: checking how to run the C preprocessor
configure:5506: result: gcc -E
configure:5530: gcc -E  conftest.c
configure:5536: $? = 0
configure:5568: gcc -E  conftest.c
conftest.c:13:10: fatal error: ac_nonexistent.h: No such file or directory
   13 | #include <ac_nonexistent.h>
      |          ^~~~~~~~~~~~~~~~~~
compilation terminated.
configure:5574: $? = 1
configure: failed program was:
| /* confdefs.h.  */
| 
| #define PACKAGE_NAME ""
| #define PACKAGE_TARNAME ""
| #define PACKAGE_VERSION ""
| #define PACKAGE_STRING ""
| #define PACKAGE_BUGREPORT ""
| #define PACKAGE "binutils"
| #define VERSION "2.17"
| #define _GNU_SOURCE 1
| #define YYTEXT_POINTER 1
| /* end confdefs.h.  */
| #include <ac_nonexistent.h>
configure:5618: checking for egrep
configure:5628: result: grep -E
configure:5633: checking for ANSI C header files
configure:5789: result: yes
configure:5799: checking for an ANSI C-conforming const
configure:5896: result: yes
configure:5906: checking for inline
configure:5958: result: inline
configure:5991: checking for sys/types.h
configure:6037: result: yes
configure:5991: checking for sys/stat.h
configure:6037: result: yes
configure:5991: checking for stdlib.h
configure:6037: result: yes
configure:5991: checking for string.h
configure:6037: result: yes
configure:5991: checking for memory.h
configure:6037: result: yes
configure:5991: checking for strings.h
configure:6037: result: yes
configure:5991: checking for inttypes.h
configure:6037: result: yes
configure:5991: checking for stdint.h
configure:6037: result: yes
configure:5991: checking for unistd.h
configure:6037: result: yes
configure:6049: checking for off_t
configure:6103: result: yes
configure:6115: checking for size_t
configure:6169: result: yes
configure:6183: checking for working alloca.h
configure:6235: result: yes
configure:6245: checking for alloca
configure:6317: result: yes
configure:6546: checking for stdlib.h
configure:6551: result: yes
configure:6546: checking for unistd.h
configure:6551: result: yes
configure:6695: checking for getpagesize
configure:6783: result: yes
configure:6793: checking for working mmap
configure:6957: result: yes
configure:6983: checking for argz.h
configure:6988: result: yes
configure:6983: checking for limits.h
configure:6988: result: yes
configure:6983: checking for locale.h
configure:6988: result: yes
configure:6983: checking for nl_types.h
configure:6988: result: yes
configure:6983: checking for malloc.h
configure:6988: result: yes
configure:6983: checking for string.h
configure:6988: result: yes
configure:6983: checking for unistd.h
configure:6988: result: yes
configure:6983: checking for values.h
configure:6988: result: yes
configure:6983: checking for sys/param.h
configure:6988: result: yes
configure:7142: checking for getcwd
configure:7230: result: yes
configure:7142: checking for munmap
configure:7230: result: yes
configure:7142: checking for putenv
configure:7230: result: yes
configure:7142: checking for setenv
configure:7230: result: yes
configure:7142: checking for setlocale
configure:7230: result: yes
configure:7142: checking for strchr
configure:7230: result: yes
configure:7142: checking for strcasecmp
configure:7230: result: yes
configure:7142: checking for __argz_count
configure:7230: result: yes
configure:7142: checking for __argz_stringify
configure:7230: result: yes
configure:7142: checking for __argz_next
configure:7230: result: yes
configure:7354: checking for LC_MESSAGES
configure:7406: result: yes
configure:7416: checking whether NLS is requested
configure:7425: result: yes
configure:7432: checking whether included gettext is requested
configure:7442: result: no
configure:7452: checking for libintl.h
configure:7457: result: yes
configure:7589: checking for gettext in libc
configure:7641: result: yes
configure:7777: checking for msgfmt
configure:7804: result: no
configure:8058: checking for msgfmt
configure:8085: result: no
configure:8094: checking for gmsgfmt
configure:8125: result: no
configure:8134: checking for xgettext
configure:8161: result: :
configure:8234: checking for catalogs to be installed
configure:8243: result:  fr tr ja es sv da zh_CN ru ro rw zh_TW fi vi
configure:8446: checking whether to enable maintainer-specific portions of Makefiles
configure:8455: result: no
configure:8496: checking for x86_64-unknown-linux-gnu-ranlib
configure:8522: result: ranlib
configure:8586: checking for a BSD-compatible install
configure:8641: result: /usr/bin/install -c
configure:8708: checking for string.h
configure:8713: result: yes
configure:8708: checking for strings.h
configure:8713: result: yes
configure:8708: checking for stdlib.h
configure:8713: result: yes
configure:8708: checking for unistd.h
configure:8713: result: yes
configure:8708: checking for fcntl.h
configure:8713: result: yes
configure:8708: checking for sys/file.h
configure:8713: result: yes
configure:8853: checking for sys/wait.h that is POSIX.1 compatible
configure:8914: result: yes
configure:8926: checking for working alloca.h
configure:8978: result: yes
configure:8988: checking for alloca
configure:9060: result: yes
configure:9291: checking for sbrk
configure:9379: result: yes
configure:9291: checking for utimes
configure:9379: result: yes
configure:9291: checking for setmode
configure:9379: result: no
configure:9291: checking for getc_unlocked
configure:9379: result: yes
configure:9291: checking for strcoll
configure:9379: result: yes
configure:9392: checking for fopen64
configure:9493: result: yes
configure:9502: checking for stat64
configure:9603: result: yes
configure:9623: checking for library containing frexp
configure:9742: result: none required
configure:9750: checking for time_t in time.h
configure:9802: result: yes
configure:9812: checking for time_t in sys/types.h
configure:9864: result: yes
configure:9874: checking for a known getopt prototype in unistd.h
configure:9926: result: yes
configure:9938: checking for utime.h
configure:9994: result: yes
configure:10004: checking whether fprintf is declared
configure:10058: result: yes
configure:10074: checking whether stpcpy is declared
configure:10128: result: yes
configure:10144: checking whether strstr is declared
configure:10198: result: yes
configure:10214: checking whether sbrk is declared
configure:10268: result: yes
configure:10284: checking whether getenv is declared
configure:10338: result: yes
configure:10354: checking whether environ is declared
configure:10408: result: yes
configure:10424: checking whether getc_unlocked is declared
configure:10478: result: yes
configure:10494: checking whether snprintf is declared
configure:10548: result: yes
configure:10564: checking whether vsnprintf is declared
configure:10618: result: yes
configure:10938: creating ./config.status

## ---------------------- ##
## Running config.status. ##
## ---------------------- ##

This file was extended by config.status, which was
generated by GNU Autoconf 2.59.  Invocation command line was

  CONFIG_FILES    = 
  CONFIG_HEADERS  = 
  CONFIG_LINKS    = 
  CONFIG_COMMANDS = 
  $ ./config.status 

on os161-vm

config.status:11743: creating Makefile
config.status:11743: creating doc/Makefile
config.status:11743: creating po/Makefile.in
config.status:11846: creating config.h
config.status:11988: config.h is unchanged
config.status:12170: executing depfiles commands
config.status:12170: executing default commands

## ---------------- ##
## Cache variables. ##
## ---------------- ##

ac_cv_archive_cmds_needs_lc='no'
ac_cv_build='x86_64-unknown-linux-gnu'
ac_cv_build_alias='x86_64-unknown-linux-gnu'
ac_cv_c_compiler_gnu='yes'
ac_cv_c_const='yes'
ac_cv_c_inline='inline'
ac_cv_env_CC_set='set'
ac_cv_env_CC_value='gcc'
ac_cv_env_CFLAGS_set='set'
ac_cv_env_CFLAGS_value='-fcommon -std=gnu89 -g -O2 -Wno-error '
ac_cv_env_CPPFLAGS_set=''
ac_cv_env_CPPFLAGS_value=''
ac_cv_env_CPP_set=''
ac_cv_env_CPP_value=''
ac_cv_env_LDFLAGS_set='set'
ac_cv_env_LDFLAGS_value=''
ac_cv_env_build_alias_set='set'
ac_cv_env_build_alias_value='x86_64-unknown-linux-gnu'
ac_cv_env_host_alias_set='set'
ac_cv_env_host_alias_value='x86_64-unknown-linux-gnu'
ac_cv_env_target_alias_set='set'
ac_cv_env_target_alias_value='mips-linux'
ac_cv_exeext=''
ac_cv_func___argz_count='yes'
ac_cv_func___argz_next='yes'
ac_cv_func___argz_stringify='yes'
ac_cv_func_alloca_works='yes'
ac_cv_func_getc_unlocked='yes'
ac_cv_func_getcwd='yes'
ac_cv_func_getpagesize='yes'
ac_cv_func_mmap_fixed_mapped='yes'
ac_cv_func_munmap='yes'
ac_cv_func_putenv='yes'
ac_cv_func_sbrk='yes'
ac_cv_func_setenv='yes'
ac_cv_func_setlocale='yes'
ac_cv_func_setmode='no'
ac_cv_func_stpcpy='yes'
ac_cv_func_strcasecmp='yes'
ac_cv_func_strchr='yes'
ac_cv_func_strcoll='yes'
ac_cv_func_utimes='yes'
ac_cv_have_decl_environ='yes'
ac_cv_have_decl_fprintf='yes'
ac_cv_have_decl_getc_unlocked='yes'
ac_cv_have_decl_getenv='yes'
ac_cv_have_decl_sbrk='yes'
ac_cv_have_decl_snprintf='yes'
ac_cv_have_decl_stpcpy='yes'
ac_cv_have_decl_strstr='yes'
ac_cv_have_decl_vsnprintf='yes'
ac_cv_header_argz_h='yes'
ac_cv_header_fcntl_h='yes'
ac_cv_header_inttypes_h='yes'
ac_cv_header_libintl_h='yes'
ac_cv_header_limits_h='yes'
ac_cv_header_locale_h='yes'
ac_cv_header_malloc_h='yes'
ac_cv_header_memory_h='yes'
ac_cv_header_nl_types_h='yes'
ac_cv_header_stdc='yes'
ac_cv_header_stdint_h='yes'
ac_cv_header_stdlib_h='yes'
ac_cv_header_string_h='yes'
ac_cv_header_strings_h='yes'
ac_cv_header_sys_file_h='yes'
ac_cv_header_sys_param_h='yes'
ac_cv_header_sys_stat_h='yes'
ac_cv_header_sys_types_h='yes'
ac_cv_header_sys_wait_h='yes'
ac_cv_header_unistd_h='yes'
ac_cv_header_values_h='yes'
ac_cv_host='x86_64-unknown-linux-gnu'
ac_cv_host_alias='x86_64-unknown-linux-gnu'
ac_cv_lib_fl_yywrap='no'
ac_cv_lib_l_yywrap='yes'
ac_cv_objext='o'
ac_cv_path_GMSGFMT='no'
ac_cv_path_MSGFMT='no'
ac_cv_path_XGETTEXT=':'
ac_cv_prog_AWK='gawk'
ac_cv_prog_CC='gcc'
ac_cv_prog_CPP='gcc -E'
ac_cv_prog_LEX='flex'
ac_cv_prog_RANLIB='ranlib'
ac_cv_prog_YACC='bison -y'
ac_cv_prog_ac_ct_STRIP='strip'
ac_cv_prog_cc_can_build_shared='yes'
ac_cv_prog_cc_g='yes'
ac_cv_prog_cc_no_builtin=''
ac_cv_prog_cc_pic=' -fPIC -DPIC'
ac_cv_prog_cc_pic_works='yes'
ac_cv_prog_cc_shlib=''
ac_cv_prog_cc_static='-static'
ac_cv_prog_cc_static_works='yes'
ac_cv_prog_cc_stdc=''
ac_cv_prog_cc_wl='-Wl,'
ac_cv_prog_egrep='grep -E'
ac_cv_prog_lex_root='lex.yy'
ac_cv_prog_lex_yytext_pointer='yes'
ac_cv_prog_make_make_set='yes'
ac_cv_search_frexp='none required'
ac_cv_search_strerror='none required'
ac_cv_target='mips-unknown-linux-gnu'
ac_cv_target_alias='mips-linux'
ac_cv_type_off_t='yes'
ac_cv_type_size_t='yes'
ac_cv_working_alloca_h='yes'
am_cv_CC_dependencies_compiler_type='none'
am_cv_val_LC_MESSAGES='yes'
bu_cv_decl_getopt_unistd_h='yes'
bu_cv_decl_time_t_time_h='yes'
bu_cv_decl_time_t_types_h='yes'
bu_cv_have_fopen64='yes'
bu_cv_have_stat64='yes'
bu_cv_header_utime_h='yes'
gt_cv_func_gettext_libc='yes'
lt_cv_compiler_c_o='yes'
lt_cv_deplibs_check_method='pass_all'
lt_cv_file_magic_cmd='$MAGIC_CMD'
lt_cv_file_magic_test_file=''
lt_cv_ld_reload_flag='-r'
lt_cv_path_LD='ld'
lt_cv_path_NM='nm'
lt_cv_prog_gnu_ld='yes'
lt_cv_sys_max_cmd_len='49153'
nls_cv_force_use_gnu_gettext='no'
nls_cv_header_intl='libintl.h'
nls_cv_header_libgt='libgettext.h'
nls_cv_use_gnu_gettext='yes'

## ----------------- ##
## Output variables. ##
## ----------------- ##

ACLOCAL='${SHELL} /home/meghanmurphy31/cs161/cs161-binutils-1.5/binutils-2.17/missing --run aclocal-1.9'
ALLOCA=''
AMDEPBACKSLASH='\'
AMDEP_FALSE='#'
AMDEP_TRUE=''
AMTAR='${SHELL} /home/meghanmurphy31/cs161/cs161-binutils-1.5/binutils-2.17/missing --run tar'
AR='ar'
AUTOCONF='${SHELL} /home/meghanmurphy31/cs161/cs161-binutils-1.5/binutils-2.17/missing --run autoconf'
AUTOHEADER='${SHELL} /home/meghanmurphy31/cs161/cs161-binutils-1.5/binutils-2.17/missing --run autoheader'
AUTOMAKE='${SHELL} /home/meghanmurphy31/cs161/cs161-binutils-1.5/binutils-2.17/missing --run automake-1.9'
AWK='gawk'
BUILD_DLLTOOL=''
BUILD_DLLWRAP=''
BUILD_MISC=''
BUILD_NLMCONV=''
BUILD_SRCONV=''
BUILD_WINDRES=''
CATALOGS=' fr.gmo tr.gmo ja.gmo es.gmo sv.gmo da.gmo zh_CN.gmo ru.gmo ro.gmo rw.gmo zh_TW.gmo fi.gmo vi.gmo'
CATOBJEXT='.gmo'
CC='gcc'
CCDEPMODE='depmode=none'
CC_FOR_BUILD='gcc'
CFLAGS='-fcommon -std=gnu89 -g -O2 -Wno-error '
CPP='gcc -E'
CPPFLAGS=''
CYGPATH_W='echo'
DATADIRNAME='share'
DEFS='-DHAVE_CONFIG_H'
DEMANGLER_NAME='c++filt'
DEPDIR='.deps'
DLLTOOL_DEFS=''
ECHO_C='ECHO_N=''
ECHO_T=''
EGREP='grep -E'
EMULATION='vanilla'
EMULATION_VECTOR='bin_vanilla_emulation'
EXEEXT=''
EXEEXT_FOR_BUILD='$(EXEEXT)'
GMOFILES=' fr.gmo tr.gmo ja.gmo es.gmo sv.gmo da.gmo zh_CN.gmo ru.gmo ro.gmo rw.gmo zh_TW.gmo fi.gmo vi.gmo'
GMSGFMT='no'
GT_NO=''
GT_YES='#YES#'
HDEFINES=''
INCLUDE_LOCALE_H='#include <locale.h>'
INSTALL_DATA='/usr/bin/install -c -m 644'
INSTALL_PROGRAM='/usr/bin/install -c'
INSTALL_SCRIPT='/usr/bin/install -c'
INSTALL_STRIP_PROGRAM='${SHELL} $(install_sh) -c -s'
INSTOBJEXT='.mo'
INTLDEPS='$(top_builddir)/../intl/libintl.a'
INTLLIBS='$(top_builddir)/../intl/libintl.a'
INTLOBJS='$(GETTOBJS)'
LDFLAGS=''
LEX='flex'
LEXLIB='-ll'
LEX_OUTPUT_ROOT='lex.yy'
LIBOBJS=''
LIBS=''
LIBTOOL='$(SHELL) $(top_builddir)/libtool'
LN_S='ln -s'
LTLIBOBJS=''
MAINT='#'
MAINTAINER_MODE_FALSE=''
MAINTAINER_MODE_TRUE='#'
MAKEINFO='/home/meghanmurphy31/cs161/cs161-binutils-1.5/binutils-2.17/missing makeinfo --split-size=5000000'
MKINSTALLDIRS='$(srcdir)/../../mkinstalldirs'
MSGFMT='no'
NLMCONV_DEFS=''
NO_WERROR='-Wno-error'
OBJDUMP_DEFS=''
OBJEXT='o'
PACKAGE='binutils'
PACKAGE_BUGREPORT=''
PACKAGE_NAME=''
PACKAGE_STRING=''
PACKAGE_TARNAME=''
PACKAGE_VERSION=''
PATH_SEPARATOR=':'
POFILES=' fr.po tr.po ja.po es.po sv.po da.po zh_CN.po ru.po ro.po rw.po zh_TW.po fi.po vi.po'
POSUB='po'
RANLIB='ranlib'
SET_MAKE=''
SHELL='/bin/sh'
STRIP='strip'
USE_INCLUDED_LIBINTL='yes'
USE_NLS='yes'
VERSION='2.17'
WARN_CFLAGS='-W -Wall -Wstrict-prototypes -Wmissing-prototypes -Werror'
XGETTEXT=':'
YACC='bison -y'
ac_ct_CC=''
ac_ct_RANLIB=''
ac_ct_STRIP='strip'
am__fastdepCC_FALSE=''
am__fastdepCC_TRUE='#'
am__include='include'
am__leading_dot='.'
am__quote=''
am__tar='${AMTAR} chof - "$$tardir"'
am__untar='${AMTAR} xf -'
bindir='${exec_prefix}/bin'
build='x86_64-unknown-linux-gnu'
build_alias='x86_64-unknown-linux-gnu'
build_cpu='x86_64'
build_os='linux-gnu'
build_vendor='unknown'
datadir='${prefix}/share'
datarootdir='/home/meghanmurphy31/cs161/tools/share'
docdir='/home/meghanmurphy31/cs161/tools/share/doc'
exec_prefix='${prefix}'
host='x86_64-unknown-linux-gnu'
host_alias='x86_64-unknown-linux-gnu'
host_cpu='x86_64'
host_os='linux-gnu'
host_vendor='unknown'
htmldir='/home/meghanmurphy31/cs161/tools/share/doc'
includedir='${prefix}/include'
infodir='${prefix}/info'
install_sh='/home/meghanmurphy31/cs161/cs161-binutils-1.5/binutils-2.17/install-sh'
l=''
libdir='${exec_prefix}/lib'
libexecdir='${exec_prefix}/libexec'
localstatedir='${prefix}/var'
mandir='${prefix}/man'
mkdir_p='mkdir -p --'
oldincludedir='/usr/include'
prefix='/home/meghanmurphy31/cs161/tools'
program_transform_name='s,^,mips-linux-,;'
sbindir='${exec_prefix}/sbin'
sharedstatedir='${prefix}/com'
sysconfdir='${prefix}/etc'
target='mips-unknown-linux-gnu'
target_alias='mips-linux'
target_cpu='mips'
target_os='linux-gnu'
target_vendor='unknown'

## ----------- ##
## confdefs.h. ##
## ----------- ##

#define ENABLE_NLS 1
#define EXECUTABLE_SUFFIX ""
#define HAVE_ALLOCA 1
#define HAVE_ALLOCA 1
#define HAVE_ALLOCA_H 1
#define HAVE_ALLOCA_H 1
#define HAVE_ARGZ_H 1
#define HAVE_DECL_ENVIRON 1
#define HAVE_DECL_FPRINTF 1
#define HAVE_DECL_GETC_UNLOCKED 1
#define HAVE_DECL_GETENV 1
#define HAVE_DECL_GETOPT 1
#define HAVE_DECL_SBRK 1
#define HAVE_DECL_SNPRINTF 1
#define HAVE_DECL_STPCPY 1
#define HAVE_DECL_STRSTR 1
#define HAVE_DECL_VSNPRINTF 1
#define HAVE_FCNTL_H 1
#define HAVE_FOPEN64 1
#define HAVE_GETCWD 1
#define HAVE_GETC_UNLOCKED 1
#define HAVE_GETPAGESIZE 1
#define HAVE_GETTEXT 1
#define HAVE_GOOD_UTIME_H 1
#define HAVE_INTTYPES_H 1
#define HAVE_LC_MESSAGES 1
#define HAVE_LIMITS_H 1
#define HAVE_LOCALE_H 1
#define HAVE_MALLOC_H 1
#define HAVE_MEMORY_H 1
#define HAVE_MMAP 1
#define HAVE_MUNMAP 1
#define HAVE_NL_TYPES_H 1
#define HAVE_PUTENV 1
#define HAVE_SBRK 1
#define HAVE_SETENV 1
#define HAVE_SETLOCALE 1
#define HAVE_STAT64 1
#define HAVE_STDINT_H 1
#define HAVE_STDLIB_H 1
#define HAVE_STDLIB_H 1
#define HAVE_STDLIB_H 1
#define HAVE_STPCPY 1
#define HAVE_STRCASECMP 1
#define HAVE_STRCHR 1
#define HAVE_STRCOLL 1
#define HAVE_STRINGS_H 1
#define HAVE_STRINGS_H 1
#define HAVE_STRING_H 1
#define HAVE_STRING_H 1
#define HAVE_STRING_H 1
#define HAVE_SYS_FILE_H 1
#define HAVE_SYS_PARAM_H 1
#define HAVE_SYS_STAT_H 1
#define HAVE_SYS_TYPES_H 1
#define HAVE_SYS_WAIT_H 1
#define HAVE_TIME_T_IN_TIME_H 1
#define HAVE_TIME_T_IN_TYPES_H 1
#define HAVE_UNISTD_H 1
#define HAVE_UNISTD_H 1
#define HAVE_UNISTD_H 1
#define HAVE_UNISTD_H 1
#define HAVE_UTIMES 1
#define HAVE_VALUES_H 1
#define HAVE___ARGZ_COUNT 1
#define HAVE___ARGZ_NEXT 1
#define HAVE___ARGZ_STRINGIFY 1
#define PACKAGE "binutils"
#define PACKAGE_BUGREPORT ""
#define PACKAGE_NAME ""
#define PACKAGE_STRING ""
#define PACKAGE_TARNAME ""
#define PACKAGE_VERSION ""
#define STDC_HEADERS 1
#define TARGET "mips-unknown-linux-gnu"
#define TARGET_PREPENDS_UNDERSCORE 0
#define VERSION "2.17"
#define YYTEXT_POINTER 1
#define _GNU_SOURCE 1

configure: exit 0
