This file contains any messages produced by compilers while
running configure, to aid debugging if configure makes a mistake.

It was created by configure, which was
generated by GNU Autoconf 2.59.  Invocation command line was

  $ /home/meghanmurphy31/cs161/cs161-binutils-1.5/binutils-2.17/gas/configure --cache-file=./config.cache --build=x86_64-unknown-linux-gnu --host=x86_64-unknown-linux-gnu --target=mips-linux --with-gnu-as --with-gnu-ld --with-stabs --nfp --prefix=/home/meghanmurphy31/cs161/tools --program-transform-name=s,^,mips-linux-,;  --srcdir=/home/meghanmurphy31/cs161/cs161-binutils-1.5/./binutils-2.17/gas

## --------- ##
## Platform. ##
## --------- ##

hostname = os161-vm
uname -m = x86_64
uname -r = 6.1.0-29-cloud-amd64
uname -s = Linux
uname -v = #1 SMP PREEMPT_DYNAMIC Debian 6.1.123-1 (2025-01-02)

/usr/bin/uname -p = unknown
/bin/uname -X     = unknown

/bin/arch              = x86_64
/usr/bin/arch -k       = unknown
/usr/convex/getsysinfo = unknown
hostinfo               = unknown
/bin/machine           = unknown
/usr/bin/oslevel       = unknown
/bin/universe          = unknown

PATH: /home/meghanmurphy31/cs161/bin
PATH: /usr/local/bin
PATH: /usr/bin
PATH: /bin
PATH: /usr/local/games
PATH: /usr/games
PATH: /home/meghanmurphy31/cs161/tools/bin


## ----------- ##
## Core tests. ##
## ----------- ##

configure:1233: loading cache ./config.cache
configure:1353: checking build system type
configure:1371: result: x86_64-unknown-linux-gnu
configure:1379: checking host system type
configure:1393: result: x86_64-unknown-linux-gnu
configure:1401: checking target system type
configure:1415: result: mips-unknown-linux-gnu
configure:1437: checking for x86_64-unknown-linux-gnu-gcc
configure:1463: result: gcc
configure:1745: checking for C compiler version
configure:1748: gcc --version </dev/null >&5
gcc (Debian 12.2.0-14) 12.2.0
Copyright (C) 2022 Free Software Foundation, Inc.
This is free software; see the source for copying conditions.  There is NO
warranty; not even for MERCHANTABILITY or FITNESS FOR A PARTICULAR PURPOSE.

configure:1751: $? = 0
configure:1753: gcc -v </dev/null >&5
Using built-in specs.
COLLECT_GCC=gcc
COLLECT_LTO_WRAPPER=/usr/lib/gcc/x86_64-linux-gnu/12/lto-wrapper
OFFLOAD_TARGET_NAMES=nvptx-none:amdgcn-amdhsa
OFFLOAD_TARGET_DEFAULT=1
Target: x86_64-linux-gnu
Configured with: ../src/configure -v --with-pkgversion='Debian 12.2.0-14' --with-bugurl=file:///usr/share/doc/gcc-12/README.Bugs --enable-languages=c,ada,c++,go,d,fortran,objc,obj-c++,m2 --prefix=/usr --with-gcc-major-version-only --program-suffix=-12 --program-prefix=x86_64-linux-gnu- --enable-shared --enable-linker-build-id --libexecdir=/usr/lib --without-included-gettext --enable-threads=posix --libdir=/usr/lib --enable-nls --enable-clocale=gnu --enable-libstdcxx-debug --enable-libstdcxx-time=yes --with-default-libstdcxx-abi=new --enable-gnu-unique-object --disable-vtable-verify --enable-plugin --enable-default-pie --with-system-zlib --enable-libphobos-checking=release --with-target-system-zlib=auto --enable-objc-gc=auto --enable-multiarch --disable-werror --enable-cet --with-arch-32=i686 --with-abi=m64 --with-multilib-list=m32,m64,mx32 --enable-multilib --with-tune=generic --enable-offload-targets=nvptx-none=/build/gcc-12-bTRWOB/gcc-12-12.2.0/debian/tmp-nvptx/usr,amdgcn-amdhsa=/build/gcc-12-bTRWOB/gcc-12-12.2.0/debian/tmp-gcn/usr --enable-offload-defaulted --without-cuda-driver --enable-checking=release --build=x86_64-linux-gnu --host=x86_64-linux-gnu --target=x86_64-linux-gnu
Thread model: posix
Supported LTO compression algorithms: zlib zstd
gcc version 12.2.0 (Debian 12.2.0-14) 
configure:1756: $? = 0
configure:1758: gcc -V </dev/null >&5
gcc: error: unrecognized command-line option '-V'
gcc: fatal error: no input files
compilation terminated.
configure:1761: $? = 1
configure:1784: checking for C compiler default output file name
configure:1787: gcc -fcommon -std=gnu89 -g -O2 -Wno-error    conftest.c  >&5
configure:1790: $? = 0
configure:1836: result: a.out
configure:1841: checking whether the C compiler works
configure:1847: ./a.out
configure:1850: $? = 0
configure:1867: result: yes
configure:1874: checking whether we are cross compiling
configure:1876: result: no
configure:1879: checking for suffix of executables
configure:1881: gcc -o conftest -fcommon -std=gnu89 -g -O2 -Wno-error    conftest.c  >&5
configure:1884: $? = 0
configure:1909: result: 
configure:1915: checking for suffix of object files
configure:1961: result: o
configure:1965: checking whether we are using the GNU C compiler
configure:2021: result: yes
configure:2027: checking whether gcc accepts -g
configure:2078: result: yes
configure:2095: checking for gcc option to accept ANSI C
configure:2202: result: none needed
configure:2220: gcc -c -fcommon -std=gnu89 -g -O2 -Wno-error   conftest.c >&5
conftest.c:2:3: error: unknown type name 'choke'
    2 |   choke me
      |   ^~~~~
conftest.c:2:3: error: expected '=', ',', ';', 'asm' or '__attribute__' at end of input
configure:2226: $? = 1
configure: failed program was:
| #ifndef __cplusplus
|   choke me
| #endif
configure:2360: checking for library containing strerror
configure:2479: result: none required
configure:2502: checking for a BSD-compatible install
configure:2557: result: /usr/bin/install -c
configure:2568: checking whether build environment is sane
configure:2611: result: yes
configure:2676: checking for gawk
configure:2702: result: gawk
configure:2712: checking whether make sets $(MAKE)
configure:2732: result: yes
configure:2762: checking for style of include used by make
configure:2790: result: GNU
configure:2966: checking dependency style of gcc
configure:3056: result: none
configure:3152: checking for ld used by GCC
configure:3215: result: ld
configure:3224: checking if the linker (ld) is GNU ld
configure:3236: result: yes
configure:3241: checking for ld option to reload object files
configure:3248: result: -r
configure:3253: checking for BSD-compatible nm
configure:3289: result: nm
configure:3292: checking whether ln -s works
configure:3296: result: yes
configure:3303: checking how to recognise dependant libraries
configure:3466: result: pass_all
configure:3477: checking the maximum length of command line arguments
configure:3529: result: 49153
configure:3679: checking for x86_64-unknown-linux-gnu-ranlib
configure:3705: result: ranlib
configure:3759: checking for x86_64-unknown-linux-gnu-strip
configure:3788: result: no
configure:3797: checking for strip
configure:3824: result: strip
configure:3928: gcc -c -fcommon -std=gnu89 -g -O2 -Wno-error   conftest.c >&5
configure:3931: $? = 0
configure:4127: loading cache ./config.cache
ce PIC
ltconfig:687:checking that gcc PIC flag  -fPIC -DPIC works.
ltconfig:749: checking if gcc static flag -static works
ltconfig:780: finding the maximum length of command line arguments
ltconfig:@lineno@: result: 49153
ltconfig:887: checking if gcc supports -fno-rtti -fno-exceptions
ltconfig:888: gcc -c -fcommon -std=gnu89 -g -O2 -Wno-error  -fno-rtti -fno-exceptions -c conftest.c  conftest.c 1>&5
ltconfig:1431: checking if global_symbol_pipe works
ltconfig:1432: gcc -c -fcommon -std=gnu89 -g -O2 -Wno-error   conftest.c 1>&5
ltconfig:1435: eval "nm conftest.o | sed -n -e 's/^.*[ 	]\([ABCDGISTW][ABCDGISTW]*\)[ 	][ 	]*\(\)\([_A-Za-z][_A-Za-z0-9]*\)$/  /p' > conftest.nm"
ltconfig:1487: gcc -o conftest -fcommon -std=gnu89 -g -O2 -Wno-error  -fno-builtin   conftest.c conftstm.o 1>&5
configure:4256: checking whether byte ordering is bigendian
configure:4467: result: no
configure:5181: checking for x86_64-unknown-linux-gnu-gcc
configure:5207: result: gcc
configure:5489: checking for C compiler version
configure:5492: gcc --version </dev/null >&5
gcc (Debian 12.2.0-14) 12.2.0
Copyright (C) 2022 Free Software Foundation, Inc.
This is free software; see the source for copying conditions.  There is NO
warranty; not even for MERCHANTABILITY or FITNESS FOR A PARTICULAR PURPOSE.

configure:5495: $? = 0
configure:5497: gcc -v </dev/null >&5
Using built-in specs.
COLLECT_GCC=gcc
COLLECT_LTO_WRAPPER=/usr/lib/gcc/x86_64-linux-gnu/12/lto-wrapper
OFFLOAD_TARGET_NAMES=nvptx-none:amdgcn-amdhsa
OFFLOAD_TARGET_DEFAULT=1
Target: x86_64-linux-gnu
Configured with: ../src/configure -v --with-pkgversion='Debian 12.2.0-14' --with-bugurl=file:///usr/share/doc/gcc-12/README.Bugs --enable-languages=c,ada,c++,go,d,fortran,objc,obj-c++,m2 --prefix=/usr --with-gcc-major-version-only --program-suffix=-12 --program-prefix=x86_64-linux-gnu- --enable-shared --enable-linker-build-id --libexecdir=/usr/lib --without-included-gettext --enable-threads=posix --libdir=/usr/lib --enable-nls --enable-clocale=gnu --enable-libstdcxx-debug --enable-libstdcxx-time=yes --with-default-libstdcxx-abi=new --enable-gnu-unique-object --disable-vtable-verify --enable-plugin --enable-default-pie --with-system-zlib --enable-libphobos-checking=release --with-target-system-zlib=auto --enable-objc-gc=auto --enable-multiarch --disable-werror --enable-cet --with-arch-32=i686 --with-abi=m64 --with-multilib-list=m32,m64,mx32 --enable-multilib --with-tune=generic --enable-offload-targets=nvptx-none=/build/gcc-12-bTRWOB/gcc-12-12.2.0/debian/tmp-nvptx/usr,amdgcn-amdhsa=/build/gcc-12-bTRWOB/gcc-12-12.2.0/debian/tmp-gcn/usr --enable-offload-defaulted --without-cuda-driver --enable-checking=release --build=x86_64-linux-gnu --host=x86_64-linux-gnu --target=x86_64-linux-gnu
Thread model: posix
Supported LTO compression algorithms: zlib zstd
gcc version 12.2.0 (Debian 12.2.0-14) 
configure:5500: $? = 0
configure:5502: gcc -V </dev/null >&5
gcc: error: unrecognized command-line option '-V'
gcc: fatal error: no input files
compilation terminated.
configure:5505: $? = 1
configure:5508: checking whether we are using the GNU C compiler
configure:5564: result: yes
configure:5570: checking whether gcc accepts -g
configure:5621: result: yes
configure:5638: checking for gcc option to accept ANSI C
configure:5745: result: none needed
configure:5763: gcc -c -fcommon -std=gnu89 -g -O2 -Wno-error   conftest.c >&5
conftest.c:2:3: error: unknown type name 'choke'
    2 |   choke me
      |   ^~~~~
conftest.c:2:3: error: expected '=', ',', ';', 'asm' or '__attribute__' at end of input
configure:5769: $? = 1
configure: failed program was:
| #ifndef __cplusplus
|   choke me
| #endif
configure:5907: checking for bison
configure:5933: result: bison -y
configure:5948: checking for flex
configure:5974: result: flex
configure:5987: checking for yywrap in -lfl
configure:6049: result: no
configure:6054: checking for yywrap in -ll
configure:6116: result: yes
configure:6127: checking lex output file root
configure:6153: result: lex.yy
configure:6158: checking whether yytext is a pointer
configure:6207: result: yes
configure:6226: checking for x86_64-unknown-linux-gnu-ranlib
configure:6252: result: ranlib
configure:6308: checking how to run the C preprocessor
configure:6426: result: gcc -E
configure:6450: gcc -E  conftest.c
configure:6456: $? = 0
configure:6488: gcc -E  conftest.c
conftest.c:25:10: fatal error: ac_nonexistent.h: No such file or directory
   25 | #include <ac_nonexistent.h>
      |          ^~~~~~~~~~~~~~~~~~
compilation terminated.
configure:6494: $? = 1
configure: failed program was:
| /* confdefs.h.  */
| 
| #define PACKAGE_NAME ""
| #define PACKAGE_TARNAME ""
| #define PACKAGE_VERSION ""
| #define PACKAGE_STRING ""
| #define PACKAGE_BUGREPORT ""
| #define PACKAGE "gas"
| #define VERSION "2.17"
| #define TARGET_BYTES_BIG_ENDIAN 1
| #define MIPS_CPU_STRING_DEFAULT "from-abi"
| #define USE_E_MIPS_ABI_O32 1
| #define MIPS_DEFAULT_64BIT 0
| #define MIPS_DEFAULT_ABI O32_ABI
| #define USE_EMULATIONS 1
| #define EMULATIONS  &mipsbelf, &mipslelf, &mipself,
| #define DEFAULT_EMULATION "mipsbelf"
| #define TARGET_ALIAS "mips-linux"
| #define TARGET_CANONICAL "mips-unknown-linux-gnu"
| #define TARGET_CPU "mips"
| #define TARGET_VENDOR "unknown"
| #define TARGET_OS "linux-gnu"
| #define YYTEXT_POINTER 1
| /* end confdefs.h.  */
| #include <ac_nonexistent.h>
configure:6538: checking for egrep
configure:6548: result: grep -E
configure:6553: checking for ANSI C header files
configure:6709: result: yes
configure:6719: checking for an ANSI C-conforming const
configure:6816: result: yes
configure:6826: checking for inline
configure:6878: result: inline
configure:6911: checking for sys/types.h
configure:6957: result: yes
configure:6911: checking for sys/stat.h
configure:6957: result: yes
configure:6911: checking for stdlib.h
configure:6957: result: yes
configure:6911: checking for string.h
configure:6957: result: yes
configure:6911: checking for memory.h
configure:6957: result: yes
configure:6911: checking for strings.h
configure:6957: result: yes
configure:6911: checking for inttypes.h
configure:6957: result: yes
configure:6911: checking for stdint.h
configure:6957: result: yes
configure:6911: checking for unistd.h
configure:6957: result: yes
configure:6969: checking for off_t
configure:7023: result: yes
configure:7035: checking for size_t
configure:7089: result: yes
configure:7103: checking for working alloca.h
configure:7155: result: yes
configure:7165: checking for alloca
configure:7237: result: yes
configure:7466: checking for stdlib.h
configure:7471: result: yes
configure:7466: checking for unistd.h
configure:7471: result: yes
configure:7615: checking for getpagesize
configure:7703: result: yes
configure:7713: checking for working mmap
configure:7877: result: yes
configure:7903: checking for argz.h
configure:7908: result: yes
configure:7903: checking for limits.h
configure:7908: result: yes
configure:7903: checking for locale.h
configure:7908: result: yes
configure:7903: checking for nl_types.h
configure:7908: result: yes
configure:7903: checking for malloc.h
configure:7908: result: yes
configure:7903: checking for string.h
configure:7908: result: yes
configure:7903: checking for unistd.h
configure:7908: result: yes
configure:7903: checking for values.h
configure:7908: result: yes
configure:7903: checking for sys/param.h
configure:7908: result: yes
configure:8062: checking for getcwd
configure:8150: result: yes
configure:8062: checking for munmap
configure:8150: result: yes
configure:8062: checking for putenv
configure:8150: result: yes
configure:8062: checking for setenv
configure:8150: result: yes
configure:8062: checking for setlocale
configure:8150: result: yes
configure:8062: checking for strchr
configure:8150: result: yes
configure:8062: checking for strcasecmp
configure:8150: result: yes
configure:8062: checking for __argz_count
configure:8150: result: yes
configure:8062: checking for __argz_stringify
configure:8150: result: yes
configure:8062: checking for __argz_next
configure:8150: result: yes
configure:8274: checking for LC_MESSAGES
configure:8326: result: yes
configure:8336: checking whether NLS is requested
configure:8345: result: yes
configure:8352: checking whether included gettext is requested
configure:8362: result: no
configure:8372: checking for libintl.h
configure:8377: result: yes
configure:8509: checking for gettext in libc
configure:8561: result: yes
configure:8697: checking for msgfmt
configure:8724: result: no
configure:8978: checking for msgfmt
configure:9005: result: no
configure:9014: checking for gmsgfmt
configure:9045: result: no
configure:9054: checking for xgettext
configure:9081: result: :
configure:9154: checking for catalogs to be installed
configure:9163: result:  fr tr es rw
configure:9366: checking whether to enable maintainer-specific portions of Makefiles
configure:9375: result: no
configure:9405: checking for string.h
configure:9410: result: yes
configure:9405: checking for stdlib.h
configure:9410: result: yes
configure:9405: checking for memory.h
configure:9410: result: yes
configure:9405: checking for strings.h
configure:9410: result: yes
configure:9405: checking for unistd.h
configure:9410: result: yes
configure:9405: checking for stdarg.h
configure:9410: result: yes
configure:9405: checking for varargs.h
configure:9410: result: no
configure:9405: checking for errno.h
configure:9410: result: yes
configure:9405: checking for sys/types.h
configure:9410: result: yes
configure:9553: checking whether compiling a cross-assembler
configure:9565: result: yes
configure:9570: checking for working alloca.h
configure:9622: result: yes
configure:9632: checking for alloca
configure:9704: result: yes
configure:9927: checking for inline
configure:9979: result: inline
configure:10005: checking for unlink
configure:10093: result: yes
configure:10109: checking for sbrk
configure:10197: result: yes
configure:10422: checking for working assert macro
configure:10483: result: yes
configure:10517: checking whether declaration is required for errno
configure:10577: result: no
configure:10588: checking for a known getopt prototype in unistd.h
configure:10640: result: yes
configure:10651: checking whether declaration is required for environ
configure:10707: result: yes
configure:10718: checking whether declaration is required for ffs
configure:10774: result: no
configure:10785: checking whether declaration is required for free
configure:10841: result: no
configure:10852: checking whether declaration is required for malloc
configure:10908: result: no
configure:10919: checking whether declaration is required for sbrk
configure:10975: result: no
configure:10986: checking whether declaration is required for strstr
configure:11042: result: no
configure:11053: checking whether vsnprintf is declared
configure:11107: result: yes
configure:11253: creating ./config.status

## ---------------------- ##
## Running config.status. ##
## ---------------------- ##

This file was extended by config.status, which was
generated by GNU Autoconf 2.59.  Invocation command line was

  CONFIG_FILES    = 
  CONFIG_HEADERS  = 
  CONFIG_LINKS    = 
  CONFIG_COMMANDS = 
  $ ./config.status 

on os161-vm

config.status:12061: creating .gdbinit
config.status:12061: creating Makefile
config.status:12061: creating doc/Makefile
config.status:12061: creating po/Makefile.in
config.status:12164: creating config.h
config.status:12306: config.h is unchanged
config.status:12488: executing depfiles commands
config.status:12488: executing default commands

## ---------------- ##
## Cache variables. ##
## ---------------- ##

ac_cv_archive_cmds_needs_lc='no'
ac_cv_build='x86_64-unknown-linux-gnu'
ac_cv_build_alias='x86_64-unknown-linux-gnu'
ac_cv_c_bigendian='no'
ac_cv_c_compiler_gnu='yes'
ac_cv_c_const='yes'
ac_cv_c_inline='inline'
ac_cv_env_CC_set='set'
ac_cv_env_CC_value='gcc'
ac_cv_env_CFLAGS_set='set'
ac_cv_env_CFLAGS_value='-fcommon -std=gnu89 -g -O2 -Wno-error '
ac_cv_env_CPPFLAGS_set=''
ac_cv_env_CPPFLAGS_value=''
ac_cv_env_CPP_set=''
ac_cv_env_CPP_value=''
ac_cv_env_LDFLAGS_set='set'
ac_cv_env_LDFLAGS_value=''
ac_cv_env_build_alias_set='set'
ac_cv_env_build_alias_value='x86_64-unknown-linux-gnu'
ac_cv_env_host_alias_set='set'
ac_cv_env_host_alias_value='x86_64-unknown-linux-gnu'
ac_cv_env_target_alias_set='set'
ac_cv_env_target_alias_value='mips-linux'
ac_cv_exeext=''
ac_cv_func___argz_count='yes'
ac_cv_func___argz_next='yes'
ac_cv_func___argz_stringify='yes'
ac_cv_func_alloca_works='yes'
ac_cv_func_getcwd='yes'
ac_cv_func_getpagesize='yes'
ac_cv_func_mmap_fixed_mapped='yes'
ac_cv_func_munmap='yes'
ac_cv_func_putenv='yes'
ac_cv_func_sbrk='yes'
ac_cv_func_setenv='yes'
ac_cv_func_setlocale='yes'
ac_cv_func_stpcpy='yes'
ac_cv_func_strcasecmp='yes'
ac_cv_func_strchr='yes'
ac_cv_func_unlink='yes'
ac_cv_have_decl_vsnprintf='yes'
ac_cv_header_argz_h='yes'
ac_cv_header_errno_h='yes'
ac_cv_header_inttypes_h='yes'
ac_cv_header_libintl_h='yes'
ac_cv_header_limits_h='yes'
ac_cv_header_locale_h='yes'
ac_cv_header_malloc_h='yes'
ac_cv_header_memory_h='yes'
ac_cv_header_nl_types_h='yes'
ac_cv_header_stdarg_h='yes'
ac_cv_header_stdc='yes'
ac_cv_header_stdint_h='yes'
ac_cv_header_stdlib_h='yes'
ac_cv_header_string_h='yes'
ac_cv_header_strings_h='yes'
ac_cv_header_sys_param_h='yes'
ac_cv_header_sys_stat_h='yes'
ac_cv_header_sys_types_h='yes'
ac_cv_header_unistd_h='yes'
ac_cv_header_values_h='yes'
ac_cv_header_varargs_h='no'
ac_cv_host='x86_64-unknown-linux-gnu'
ac_cv_host_alias='x86_64-unknown-linux-gnu'
ac_cv_lib_fl_yywrap='no'
ac_cv_lib_l_yywrap='yes'
ac_cv_objext='o'
ac_cv_path_GMSGFMT='no'
ac_cv_path_MSGFMT='no'
ac_cv_path_XGETTEXT=':'
ac_cv_prog_AWK='gawk'
ac_cv_prog_CC='gcc'
ac_cv_prog_CPP='gcc -E'
ac_cv_prog_LEX='flex'
ac_cv_prog_RANLIB='ranlib'
ac_cv_prog_YACC='bison -y'
ac_cv_prog_ac_ct_STRIP='strip'
ac_cv_prog_cc_can_build_shared='yes'
ac_cv_prog_cc_g='yes'
ac_cv_prog_cc_no_builtin=''
ac_cv_prog_cc_pic=' -fPIC -DPIC'
ac_cv_prog_cc_pic_works='yes'
ac_cv_prog_cc_shlib=''
ac_cv_prog_cc_static='-static'
ac_cv_prog_cc_static_works='yes'
ac_cv_prog_cc_stdc=''
ac_cv_prog_cc_wl='-Wl,'
ac_cv_prog_egrep='grep -E'
ac_cv_prog_lex_root='lex.yy'
ac_cv_prog_lex_yytext_pointer='yes'
ac_cv_prog_make_make_set='yes'
ac_cv_search_strerror='none required'
ac_cv_target='mips-unknown-linux-gnu'
ac_cv_target_alias='mips-linux'
ac_cv_type_off_t='yes'
ac_cv_type_size_t='yes'
ac_cv_working_alloca_h='yes'
am_cv_CC_dependencies_compiler_type='none'
am_cv_val_LC_MESSAGES='yes'
gas_cv_assert_ok='yes'
gas_cv_decl_getopt_unistd_h='yes'
gas_cv_decl_needed_environ='yes'
gas_cv_decl_needed_errno='no'
gas_cv_decl_needed_ffs='no'
gas_cv_decl_needed_free='no'
gas_cv_decl_needed_malloc='no'
gas_cv_decl_needed_sbrk='no'
gas_cv_decl_needed_strstr='no'
gt_cv_func_gettext_libc='yes'
lt_cv_compiler_c_o='yes'
lt_cv_deplibs_check_method='pass_all'
lt_cv_file_magic_cmd='$MAGIC_CMD'
lt_cv_file_magic_test_file=''
lt_cv_ld_reload_flag='-r'
lt_cv_path_LD='ld'
lt_cv_path_NM='nm'
lt_cv_prog_gnu_ld='yes'
lt_cv_sys_max_cmd_len='49153'
nls_cv_force_use_gnu_gettext='no'
nls_cv_header_intl='libintl.h'
nls_cv_header_libgt='libgettext.h'
nls_cv_use_gnu_gettext='yes'

## ----------------- ##
## Output variables. ##
## ----------------- ##

ACLOCAL='${SHELL} /home/meghanmurphy31/cs161/cs161-binutils-1.5/binutils-2.17/missing --run aclocal-1.9'
ALLOCA=''
ALL_OBJ_DEPS=' ../bfd/bfd.h $(INCDIR)/symcat.h'
AMDEPBACKSLASH='\'
AMDEP_FALSE='#'
AMDEP_TRUE=''
AMTAR='${SHELL} /home/meghanmurphy31/cs161/cs161-binutils-1.5/binutils-2.17/missing --run tar'
AUTOCONF='${SHELL} /home/meghanmurphy31/cs161/cs161-binutils-1.5/binutils-2.17/missing --run autoconf'
AUTOHEADER='${SHELL} /home/meghanmurphy31/cs161/cs161-binutils-1.5/binutils-2.17/missing --run autoheader'
AUTOMAKE='${SHELL} /home/meghanmurphy31/cs161/cs161-binutils-1.5/binutils-2.17/missing --run automake-1.9'
AWK='gawk'
BFDLIB='../bfd/libbfd.la'
BFDVER_H='../bfd/bfdver.h'
CATALOGS=' fr.gmo tr.gmo es.gmo rw.gmo'
CATOBJEXT='.gmo'
CC='gcc'
CCDEPMODE='depmode=none'
CFLAGS='-fcommon -std=gnu89 -g -O2 -Wno-error '
CPP='gcc -E'
CPPFLAGS=''
CYGPATH_W='echo'
DATADIRNAME='share'
DEFS='-DHAVE_CONFIG_H'
DEPDIR='.deps'
ECHO_C='ECHO_N=''
ECHO_T=''
EGREP='grep -E'
EXEEXT=''
GDBINIT='.gdbinit'
GMOFILES=' fr.gmo tr.gmo es.gmo rw.gmo'
GMSGFMT='no'
GT_NO=''
GT_YES='#YES#'
INCLUDE_LOCALE_H='#include <locale.h>'
INSTALL_DATA='/usr/bin/install -c -m 644'
INSTALL_PROGRAM='/usr/bin/install -c'
INSTALL_SCRIPT='/usr/bin/install -c'
INSTALL_STRIP_PROGRAM='${SHELL} $(install_sh) -c -s'
INSTOBJEXT='.mo'
INTLDEPS='$(top_builddir)/../intl/libintl.a'
INTLLIBS='$(top_builddir)/../intl/libintl.a'
INTLOBJS='$(GETTOBJS)'
LDFLAGS=''
LEX='flex'
LEXLIB='-ll'
LEX_OUTPUT_ROOT='lex.yy'
LIBM=''
LIBOBJS=''
LIBS=''
LIBTOOL='$(SHELL) $(top_builddir)/libtool'
LN_S='ln -s'
LTLIBOBJS=''
MAINT='#'
MAINTAINER_MODE_FALSE=''
MAINTAINER_MODE_TRUE='#'
MAKEINFO='/home/meghanmurphy31/cs161/cs161-binutils-1.5/binutils-2.17/missing makeinfo --split-size=5000000'
MKINSTALLDIRS='$(srcdir)/../../mkinstalldirs'
MSGFMT='no'
NO_WERROR='-Wno-error'
OBJEXT='o'
OPCODES_LIB='../opcodes/libopcodes.la'
PACKAGE='gas'
PACKAGE_BUGREPORT=''
PACKAGE_NAME=''
PACKAGE_STRING=''
PACKAGE_TARNAME=''
PACKAGE_VERSION=''
PATH_SEPARATOR=':'
POFILES=' fr.po tr.po es.po rw.po'
POSUB='po'
RANLIB='ranlib'
SET_MAKE=''
SHELL='/bin/sh'
STRIP='strip'
USE_INCLUDED_LIBINTL='yes'
USE_NLS='yes'
VERSION='2.17'
WARN_CFLAGS='-W -Wall -Wstrict-prototypes -Wmissing-prototypes -Werror'
XGETTEXT=':'
YACC='bison -y'
ac_ct_CC=''
ac_ct_RANLIB=''
ac_ct_STRIP='strip'
am__fastdepCC_FALSE=''
am__fastdepCC_TRUE='#'
am__include='include'
am__leading_dot='.'
am__quote=''
am__tar='${AMTAR} chof - "$$tardir"'
am__untar='${AMTAR} xf -'
atof='ieee'
bindir='${exec_prefix}/bin'
build='x86_64-unknown-linux-gnu'
build_alias='x86_64-unknown-linux-gnu'
build_cpu='x86_64'
build_os='linux-gnu'
build_vendor='unknown'
cgen_cpu_prefix=''
datadir='${prefix}/share'
datarootdir='/home/meghanmurphy31/cs161/tools/share'
docdir='/home/meghanmurphy31/cs161/tools/share/doc'
exec_prefix='${prefix}'
extra_objects=' itbl-parse.o itbl-lex.o itbl-ops.o  e-mipself.o'
host='x86_64-unknown-linux-gnu'
host_alias='x86_64-unknown-linux-gnu'
host_cpu='x86_64'
host_os='linux-gnu'
host_vendor='unknown'
htmldir='/home/meghanmurphy31/cs161/tools/share/doc'
includedir='${prefix}/include'
infodir='${prefix}/info'
install_sh='/home/meghanmurphy31/cs161/cs161-binutils-1.5/binutils-2.17/install-sh'
install_tooldir='install-exec-tooldir'
l=''
libdir='${exec_prefix}/lib'
libexecdir='${exec_prefix}/libexec'
localstatedir='${prefix}/var'
mandir='${prefix}/man'
mkdir_p='mkdir -p --'
obj_format='elf'
oldincludedir='/usr/include'
prefix='/home/meghanmurphy31/cs161/tools'
program_transform_name='s,^,mips-linux-,;'
sbindir='${exec_prefix}/sbin'
sharedstatedir='${prefix}/com'
sysconfdir='${prefix}/etc'
target='mips-unknown-linux-gnu'
target_alias='mips-linux'
target_cpu='mips'
target_cpu_type='mips'
target_os='linux-gnu'
target_vendor='unknown'
te_file='tmips'

## ----------- ##
## confdefs.h. ##
## ----------- ##

#define CROSS_COMPILE 1
#define DEFAULT_EMULATION "mipsbelf"
#define EMULATIONS  &mipsbelf, &mipslelf, &mipself,
#define ENABLE_NLS 1
#define HAVE_ALLOCA 1
#define HAVE_ALLOCA 1
#define HAVE_ALLOCA_H 1
#define HAVE_ALLOCA_H 1
#define HAVE_ARGZ_H 1
#define HAVE_DECL_GETOPT 1
#define HAVE_DECL_VSNPRINTF 1
#define HAVE_ERRNO_H 1
#define HAVE_GETCWD 1
#define HAVE_GETPAGESIZE 1
#define HAVE_GETTEXT 1
#define HAVE_INTTYPES_H 1
#define HAVE_LC_MESSAGES 1
#define HAVE_LIMITS_H 1
#define HAVE_LOCALE_H 1
#define HAVE_MALLOC_H 1
#define HAVE_MEMORY_H 1
#define HAVE_MEMORY_H 1
#define HAVE_MMAP 1
#define HAVE_MUNMAP 1
#define HAVE_NL_TYPES_H 1
#define HAVE_PUTENV 1
#define HAVE_SBRK 1
#define HAVE_SETENV 1
#define HAVE_SETLOCALE 1
#define HAVE_STDARG_H 1
#define HAVE_STDINT_H 1
#define HAVE_STDLIB_H 1
#define HAVE_STDLIB_H 1
#define HAVE_STDLIB_H 1
#define HAVE_STPCPY 1
#define HAVE_STRCASECMP 1
#define HAVE_STRCHR 1
#define HAVE_STRINGS_H 1
#define HAVE_STRINGS_H 1
#define HAVE_STRING_H 1
#define HAVE_STRING_H 1
#define HAVE_STRING_H 1
#define HAVE_SYS_PARAM_H 1
#define HAVE_SYS_STAT_H 1
#define HAVE_SYS_TYPES_H 1
#define HAVE_SYS_TYPES_H 1
#define HAVE_UNISTD_H 1
#define HAVE_UNISTD_H 1
#define HAVE_UNISTD_H 1
#define HAVE_UNISTD_H 1
#define HAVE_UNLINK 1
#define HAVE_VALUES_H 1
#define HAVE___ARGZ_COUNT 1
#define HAVE___ARGZ_NEXT 1
#define HAVE___ARGZ_STRINGIFY 1
#define MIPS_CPU_STRING_DEFAULT "from-abi"
#define MIPS_DEFAULT_64BIT 0
#define MIPS_DEFAULT_ABI O32_ABI
#define NEED_DECLARATION_ENVIRON 1
#define PACKAGE "gas"
#define PACKAGE_BUGREPORT ""
#define PACKAGE_NAME ""
#define PACKAGE_STRING ""
#define PACKAGE_TARNAME ""
#define PACKAGE_VERSION ""
#define STDC_HEADERS 1
#define TARGET_ALIAS "mips-linux"
#define TARGET_BYTES_BIG_ENDIAN 1
#define TARGET_CANONICAL "mips-unknown-linux-gnu"
#define TARGET_CPU "mips"
#define TARGET_OS "linux-gnu"
#define TARGET_VENDOR "unknown"
#define USE_EMULATIONS 1
#define USE_E_MIPS_ABI_O32 1
#define VERSION "2.17"
#define YYTEXT_POINTER 1

configure: exit 0
