This file contains any messages produced by compilers while
running configure, to aid debugging if configure makes a mistake.

It was created by configure, which was
generated by GNU Autoconf 2.59.  Invocation command line was

  $ /home/meghanmurphy31/cs161/cs161-binutils-1.5/binutils-2.17/ld/configure --cache-file=./config.cache --build=x86_64-unknown-linux-gnu --host=x86_64-unknown-linux-gnu --target=mips-linux --with-gnu-as --with-gnu-ld --with-stabs --nfp --prefix=/home/meghanmurphy31/cs161/tools --program-transform-name=s,^,mips-linux-,;  --srcdir=/home/meghanmurphy31/cs161/cs161-binutils-1.5/./binutils-2.17/ld

## --------- ##
## Platform. ##
## --------- ##

hostname = os161-vm
uname -m = x86_64
uname -r = 6.1.0-29-cloud-amd64
uname -s = Linux
uname -v = #1 SMP PREEMPT_DYNAMIC Debian 6.1.123-1 (2025-01-02)

/usr/bin/uname -p = unknown
/bin/uname -X     = unknown

/bin/arch              = x86_64
/usr/bin/arch -k       = unknown
/usr/convex/getsysinfo = unknown
hostinfo               = unknown
/bin/machine           = unknown
/usr/bin/oslevel       = unknown
/bin/universe          = unknown

PATH: /home/meghanmurphy31/cs161/bin
PATH: /usr/local/bin
PATH: /usr/bin
PATH: /bin
PATH: /usr/local/games
PATH: /usr/games
PATH: /home/meghanmurphy31/cs161/tools/bin


## ----------- ##
## Core tests. ##
## ----------- ##

configure:1235: loading cache ./config.cache
configure:1355: checking build system type
configure:1373: result: x86_64-unknown-linux-gnu
configure:1381: checking host system type
configure:1395: result: x86_64-unknown-linux-gnu
configure:1403: checking target system type
configure:1417: result: mips-unknown-linux-gnu
configure:1439: checking for x86_64-unknown-linux-gnu-gcc
configure:1465: result: gcc
configure:1747: checking for C compiler version
configure:1750: gcc --version </dev/null >&5
gcc (Debian 12.2.0-14) 12.2.0
Copyright (C) 2022 Free Software Foundation, Inc.
This is free software; see the source for copying conditions.  There is NO
warranty; not even for MERCHANTABILITY or FITNESS FOR A PARTICULAR PURPOSE.

configure:1753: $? = 0
configure:1755: gcc -v </dev/null >&5
Using built-in specs.
COLLECT_GCC=gcc
COLLECT_LTO_WRAPPER=/usr/lib/gcc/x86_64-linux-gnu/12/lto-wrapper
OFFLOAD_TARGET_NAMES=nvptx-none:amdgcn-amdhsa
OFFLOAD_TARGET_DEFAULT=1
Target: x86_64-linux-gnu
Configured with: ../src/configure -v --with-pkgversion='Debian 12.2.0-14' --with-bugurl=file:///usr/share/doc/gcc-12/README.Bugs --enable-languages=c,ada,c++,go,d,fortran,objc,obj-c++,m2 --prefix=/usr --with-gcc-major-version-only --program-suffix=-12 --program-prefix=x86_64-linux-gnu- --enable-shared --enable-linker-build-id --libexecdir=/usr/lib --without-included-gettext --enable-threads=posix --libdir=/usr/lib --enable-nls --enable-clocale=gnu --enable-libstdcxx-debug --enable-libstdcxx-time=yes --with-default-libstdcxx-abi=new --enable-gnu-unique-object --disable-vtable-verify --enable-plugin --enable-default-pie --with-system-zlib --enable-libphobos-checking=release --with-target-system-zlib=auto --enable-objc-gc=auto --enable-multiarch --disable-werror --enable-cet --with-arch-32=i686 --with-abi=m64 --with-multilib-list=m32,m64,mx32 --enable-multilib --with-tune=generic --enable-offload-targets=nvptx-none=/build/gcc-12-bTRWOB/gcc-12-12.2.0/debian/tmp-nvptx/usr,amdgcn-amdhsa=/build/gcc-12-bTRWOB/gcc-12-12.2.0/debian/tmp-gcn/usr --enable-offload-defaulted --without-cuda-driver --enable-checking=release --build=x86_64-linux-gnu --host=x86_64-linux-gnu --target=x86_64-linux-gnu
Thread model: posix
Supported LTO compression algorithms: zlib zstd
gcc version 12.2.0 (Debian 12.2.0-14) 
configure:1758: $? = 0
configure:1760: gcc -V </dev/null >&5
gcc: error: unrecognized command-line option '-V'
gcc: fatal error: no input files
compilation terminated.
configure:1763: $? = 1
configure:1786: checking for C compiler default output file name
configure:1789: gcc -fcommon -std=gnu89 -g -O2 -Wno-error    conftest.c  >&5
configure:1792: $? = 0
configure:1838: result: a.out
configure:1843: checking whether the C compiler works
configure:1849: ./a.out
configure:1852: $? = 0
configure:1869: result: yes
configure:1876: checking whether we are cross compiling
configure:1878: result: no
configure:1881: checking for suffix of executables
configure:1883: gcc -o conftest -fcommon -std=gnu89 -g -O2 -Wno-error    conftest.c  >&5
configure:1886: $? = 0
configure:1911: result: 
configure:1917: checking for suffix of object files
configure:1963: result: o
configure:1967: checking whether we are using the GNU C compiler
configure:2023: result: yes
configure:2029: checking whether gcc accepts -g
configure:2080: result: yes
configure:2097: checking for gcc option to accept ANSI C
configure:2204: result: none needed
configure:2222: gcc -c -fcommon -std=gnu89 -g -O2 -Wno-error   conftest.c >&5
conftest.c:2:3: error: unknown type name 'choke'
    2 |   choke me
      |   ^~~~~
conftest.c:2:3: error: expected '=', ',', ';', 'asm' or '__attribute__' at end of input
configure:2228: $? = 1
configure: failed program was:
| #ifndef __cplusplus
|   choke me
| #endif
configure:2362: checking for library containing strerror
configure:2481: result: none required
configure:2504: checking for a BSD-compatible install
configure:2559: result: /usr/bin/install -c
configure:2570: checking whether build environment is sane
configure:2613: result: yes
configure:2678: checking for gawk
configure:2704: result: gawk
configure:2714: checking whether make sets $(MAKE)
configure:2734: result: yes
configure:2764: checking for style of include used by make
configure:2792: result: GNU
configure:2968: checking dependency style of gcc
configure:3058: result: none
configure:3154: checking for ld used by GCC
configure:3217: result: ld
configure:3226: checking if the linker (ld) is GNU ld
configure:3238: result: yes
configure:3243: checking for ld option to reload object files
configure:3250: result: -r
configure:3255: checking for BSD-compatible nm
configure:3291: result: nm
configure:3294: checking whether ln -s works
configure:3298: result: yes
configure:3305: checking how to recognise dependant libraries
configure:3468: result: pass_all
configure:3479: checking the maximum length of command line arguments
configure:3531: result: 49153
configure:3681: checking for x86_64-unknown-linux-gnu-ranlib
configure:3707: result: ranlib
configure:3761: checking for x86_64-unknown-linux-gnu-strip
configure:3790: result: no
configure:3799: checking for strip
configure:3826: result: strip
configure:3930: gcc -c -fcommon -std=gnu89 -g -O2 -Wno-error   conftest.c >&5
configure:3933: $? = 0
configure:4129: loading cache ./config.cache
ce PIC
ltconfig:687:checking that gcc PIC flag  -fPIC -DPIC works.
ltconfig:749: checking if gcc static flag -static works
ltconfig:780: finding the maximum length of command line arguments
ltconfig:@lineno@: result: 49153
ltconfig:887: checking if gcc supports -fno-rtti -fno-exceptions
ltconfig:888: gcc -c -fcommon -std=gnu89 -g -O2 -Wno-error  -fno-rtti -fno-exceptions -c conftest.c  conftest.c 1>&5
ltconfig:1431: checking if global_symbol_pipe works
ltconfig:1432: gcc -c -fcommon -std=gnu89 -g -O2 -Wno-error   conftest.c 1>&5
ltconfig:1435: eval "nm conftest.o | sed -n -e 's/^.*[ 	]\([ABCDGISTW][ABCDGISTW]*\)[ 	][ 	]*\(\)\([_A-Za-z][_A-Za-z0-9]*\)$/  /p' > conftest.nm"
ltconfig:1487: gcc -o conftest -fcommon -std=gnu89 -g -O2 -Wno-error  -fno-builtin   conftest.c conftstm.o 1>&5
configure:4308: checking for x86_64-unknown-linux-gnu-gcc
configure:4334: result: gcc
configure:4616: checking for C compiler version
configure:4619: gcc --version </dev/null >&5
gcc (Debian 12.2.0-14) 12.2.0
Copyright (C) 2022 Free Software Foundation, Inc.
This is free software; see the source for copying conditions.  There is NO
warranty; not even for MERCHANTABILITY or FITNESS FOR A PARTICULAR PURPOSE.

configure:4622: $? = 0
configure:4624: gcc -v </dev/null >&5
Using built-in specs.
COLLECT_GCC=gcc
COLLECT_LTO_WRAPPER=/usr/lib/gcc/x86_64-linux-gnu/12/lto-wrapper
OFFLOAD_TARGET_NAMES=nvptx-none:amdgcn-amdhsa
OFFLOAD_TARGET_DEFAULT=1
Target: x86_64-linux-gnu
Configured with: ../src/configure -v --with-pkgversion='Debian 12.2.0-14' --with-bugurl=file:///usr/share/doc/gcc-12/README.Bugs --enable-languages=c,ada,c++,go,d,fortran,objc,obj-c++,m2 --prefix=/usr --with-gcc-major-version-only --program-suffix=-12 --program-prefix=x86_64-linux-gnu- --enable-shared --enable-linker-build-id --libexecdir=/usr/lib --without-included-gettext --enable-threads=posix --libdir=/usr/lib --enable-nls --enable-clocale=gnu --enable-libstdcxx-debug --enable-libstdcxx-time=yes --with-default-libstdcxx-abi=new --enable-gnu-unique-object --disable-vtable-verify --enable-plugin --enable-default-pie --with-system-zlib --enable-libphobos-checking=release --with-target-system-zlib=auto --enable-objc-gc=auto --enable-multiarch --disable-werror --enable-cet --with-arch-32=i686 --with-abi=m64 --with-multilib-list=m32,m64,mx32 --enable-multilib --with-tune=generic --enable-offload-targets=nvptx-none=/build/gcc-12-bTRWOB/gcc-12-12.2.0/debian/tmp-nvptx/usr,amdgcn-amdhsa=/build/gcc-12-bTRWOB/gcc-12-12.2.0/debian/tmp-gcn/usr --enable-offload-defaulted --without-cuda-driver --enable-checking=release --build=x86_64-linux-gnu --host=x86_64-linux-gnu --target=x86_64-linux-gnu
Thread model: posix
Supported LTO compression algorithms: zlib zstd
gcc version 12.2.0 (Debian 12.2.0-14) 
configure:4627: $? = 0
configure:4629: gcc -V </dev/null >&5
gcc: error: unrecognized command-line option '-V'
gcc: fatal error: no input files
compilation terminated.
configure:4632: $? = 1
configure:4635: checking whether we are using the GNU C compiler
configure:4691: result: yes
configure:4697: checking whether gcc accepts -g
configure:4748: result: yes
configure:4765: checking for gcc option to accept ANSI C
configure:4872: result: none needed
configure:4890: gcc -c -fcommon -std=gnu89 -g -O2 -Wno-error   conftest.c >&5
conftest.c:2:3: error: unknown type name 'choke'
    2 |   choke me
      |   ^~~~~
conftest.c:2:3: error: expected '=', ',', ';', 'asm' or '__attribute__' at end of input
configure:4896: $? = 1
configure: failed program was:
| #ifndef __cplusplus
|   choke me
| #endif
configure:5042: checking for a BSD-compatible install
configure:5097: result: /usr/bin/install -c
configure:5113: checking for x86_64-unknown-linux-gnu-ranlib
configure:5139: result: ranlib
configure:5195: checking how to run the C preprocessor
configure:5313: result: gcc -E
configure:5337: gcc -E  conftest.c
configure:5343: $? = 0
configure:5375: gcc -E  conftest.c
conftest.c:11:10: fatal error: ac_nonexistent.h: No such file or directory
   11 | #include <ac_nonexistent.h>
      |          ^~~~~~~~~~~~~~~~~~
compilation terminated.
configure:5381: $? = 1
configure: failed program was:
| /* confdefs.h.  */
| 
| #define PACKAGE_NAME ""
| #define PACKAGE_TARNAME ""
| #define PACKAGE_VERSION ""
| #define PACKAGE_STRING ""
| #define PACKAGE_BUGREPORT ""
| #define PACKAGE "ld"
| #define VERSION "2.17"
| /* end confdefs.h.  */
| #include <ac_nonexistent.h>
configure:5425: checking for egrep
configure:5435: result: grep -E
configure:5440: checking for ANSI C header files
configure:5596: result: yes
configure:5606: checking for an ANSI C-conforming const
configure:5703: result: yes
configure:5713: checking for inline
configure:5765: result: inline
configure:5798: checking for sys/types.h
configure:5844: result: yes
configure:5798: checking for sys/stat.h
configure:5844: result: yes
configure:5798: checking for stdlib.h
configure:5844: result: yes
configure:5798: checking for string.h
configure:5844: result: yes
configure:5798: checking for memory.h
configure:5844: result: yes
configure:5798: checking for strings.h
configure:5844: result: yes
configure:5798: checking for inttypes.h
configure:5844: result: yes
configure:5798: checking for stdint.h
configure:5844: result: yes
configure:5798: checking for unistd.h
configure:5844: result: yes
configure:5856: checking for off_t
configure:5910: result: yes
configure:5922: checking for size_t
configure:5976: result: yes
configure:5990: checking for working alloca.h
configure:6042: result: yes
configure:6052: checking for alloca
configure:6124: result: yes
configure:6353: checking for stdlib.h
configure:6358: result: yes
configure:6353: checking for unistd.h
configure:6358: result: yes
configure:6502: checking for getpagesize
configure:6590: result: yes
configure:6600: checking for working mmap
configure:6764: result: yes
configure:6790: checking for argz.h
configure:6795: result: yes
configure:6790: checking for limits.h
configure:6795: result: yes
configure:6790: checking for locale.h
configure:6795: result: yes
configure:6790: checking for nl_types.h
configure:6795: result: yes
configure:6790: checking for malloc.h
configure:6795: result: yes
configure:6790: checking for string.h
configure:6795: result: yes
configure:6790: checking for unistd.h
configure:6795: result: yes
configure:6790: checking for values.h
configure:6795: result: yes
configure:6790: checking for sys/param.h
configure:6795: result: yes
configure:6949: checking for getcwd
configure:7037: result: yes
configure:6949: checking for munmap
configure:7037: result: yes
configure:6949: checking for putenv
configure:7037: result: yes
configure:6949: checking for setenv
configure:7037: result: yes
configure:6949: checking for setlocale
configure:7037: result: yes
configure:6949: checking for strchr
configure:7037: result: yes
configure:6949: checking for strcasecmp
configure:7037: result: yes
configure:6949: checking for __argz_count
configure:7037: result: yes
configure:6949: checking for __argz_stringify
configure:7037: result: yes
configure:6949: checking for __argz_next
configure:7037: result: yes
configure:7161: checking for LC_MESSAGES
configure:7213: result: yes
configure:7223: checking whether NLS is requested
configure:7232: result: yes
configure:7239: checking whether included gettext is requested
configure:7249: result: no
configure:7259: checking for libintl.h
configure:7264: result: yes
configure:7396: checking for gettext in libc
configure:7448: result: yes
configure:7584: checking for msgfmt
configure:7611: result: no
configure:7865: checking for msgfmt
configure:7892: result: no
configure:7901: checking for gmsgfmt
configure:7932: result: no
configure:7941: checking for xgettext
configure:7968: result: :
configure:8041: checking for catalogs to be installed
configure:8050: result:  fr sv tr es da vi zh_CN
configure:8259: checking for bison
configure:8285: result: bison -y
configure:8300: checking for flex
configure:8326: result: flex
configure:8339: checking for yywrap in -lfl
configure:8401: result: no
configure:8406: checking for yywrap in -ll
configure:8468: result: yes
configure:8479: checking lex output file root
configure:8505: result: lex.yy
configure:8510: checking whether yytext is a pointer
configure:8559: result: yes
configure:8574: checking whether to enable maintainer-specific portions of Makefiles
configure:8583: result: no
configure:8615: checking for string.h
configure:8620: result: yes
configure:8615: checking for strings.h
configure:8620: result: yes
configure:8615: checking for stdlib.h
configure:8620: result: yes
configure:8615: checking for unistd.h
configure:8620: result: yes
configure:8615: checking for elf-hints.h
configure:8620: result: no
configure:8766: checking for sbrk
configure:8854: result: yes
configure:8766: checking for realpath
configure:8854: result: yes
configure:8766: checking for glob
configure:8854: result: yes
configure:8872: checking for dirent.h that defines DIR
configure:8926: result: yes
configure:8939: checking for library containing opendir
configure:9058: result: none required
configure:9195: checking for a known getopt prototype in unistd.h
configure:9247: result: yes
configure:9267: checking whether strstr is declared
configure:9321: result: yes
configure:9337: checking whether free is declared
configure:9391: result: yes
configure:9407: checking whether sbrk is declared
configure:9461: result: yes
configure:9477: checking whether getenv is declared
configure:9531: result: yes
configure:9547: checking whether environ is declared
configure:9601: result: no
configure:9626: checking whether ANSI C string concatenation works
configure:9678: result: yes
configure:9922: creating ./config.status

## ---------------------- ##
## Running config.status. ##
## ---------------------- ##

This file was extended by config.status, which was
generated by GNU Autoconf 2.59.  Invocation command line was

  CONFIG_FILES    = 
  CONFIG_HEADERS  = 
  CONFIG_LINKS    = 
  CONFIG_COMMANDS = 
  $ ./config.status 

on os161-vm

config.status:10726: creating Makefile
config.status:10726: creating po/Makefile.in
config.status:10829: creating config.h
config.status:10971: config.h is unchanged
config.status:11153: executing depfiles commands
config.status:11153: executing default commands

## ---------------- ##
## Cache variables. ##
## ---------------- ##

ac_cv_archive_cmds_needs_lc='no'
ac_cv_build='x86_64-unknown-linux-gnu'
ac_cv_build_alias='x86_64-unknown-linux-gnu'
ac_cv_c_compiler_gnu='yes'
ac_cv_c_const='yes'
ac_cv_c_inline='inline'
ac_cv_env_CC_set='set'
ac_cv_env_CC_value='gcc'
ac_cv_env_CFLAGS_set='set'
ac_cv_env_CFLAGS_value='-fcommon -std=gnu89 -g -O2 -Wno-error '
ac_cv_env_CPPFLAGS_set=''
ac_cv_env_CPPFLAGS_value=''
ac_cv_env_CPP_set=''
ac_cv_env_CPP_value=''
ac_cv_env_LDFLAGS_set='set'
ac_cv_env_LDFLAGS_value=''
ac_cv_env_build_alias_set='set'
ac_cv_env_build_alias_value='x86_64-unknown-linux-gnu'
ac_cv_env_host_alias_set='set'
ac_cv_env_host_alias_value='x86_64-unknown-linux-gnu'
ac_cv_env_target_alias_set='set'
ac_cv_env_target_alias_value='mips-linux'
ac_cv_exeext=''
ac_cv_func___argz_count='yes'
ac_cv_func___argz_next='yes'
ac_cv_func___argz_stringify='yes'
ac_cv_func_alloca_works='yes'
ac_cv_func_getcwd='yes'
ac_cv_func_getpagesize='yes'
ac_cv_func_glob='yes'
ac_cv_func_mmap_fixed_mapped='yes'
ac_cv_func_munmap='yes'
ac_cv_func_putenv='yes'
ac_cv_func_realpath='yes'
ac_cv_func_sbrk='yes'
ac_cv_func_setenv='yes'
ac_cv_func_setlocale='yes'
ac_cv_func_stpcpy='yes'
ac_cv_func_strcasecmp='yes'
ac_cv_func_strchr='yes'
ac_cv_have_decl_environ='no'
ac_cv_have_decl_free='yes'
ac_cv_have_decl_getenv='yes'
ac_cv_have_decl_sbrk='yes'
ac_cv_have_decl_strstr='yes'
ac_cv_header_argz_h='yes'
ac_cv_header_dirent_dirent_h='yes'
ac_cv_header_elf_hints_h='no'
ac_cv_header_inttypes_h='yes'
ac_cv_header_libintl_h='yes'
ac_cv_header_limits_h='yes'
ac_cv_header_locale_h='yes'
ac_cv_header_malloc_h='yes'
ac_cv_header_memory_h='yes'
ac_cv_header_nl_types_h='yes'
ac_cv_header_stdc='yes'
ac_cv_header_stdint_h='yes'
ac_cv_header_stdlib_h='yes'
ac_cv_header_string_h='yes'
ac_cv_header_strings_h='yes'
ac_cv_header_sys_param_h='yes'
ac_cv_header_sys_stat_h='yes'
ac_cv_header_sys_types_h='yes'
ac_cv_header_unistd_h='yes'
ac_cv_header_values_h='yes'
ac_cv_host='x86_64-unknown-linux-gnu'
ac_cv_host_alias='x86_64-unknown-linux-gnu'
ac_cv_lib_fl_yywrap='no'
ac_cv_lib_l_yywrap='yes'
ac_cv_objext='o'
ac_cv_path_GMSGFMT='no'
ac_cv_path_MSGFMT='no'
ac_cv_path_XGETTEXT=':'
ac_cv_prog_AWK='gawk'
ac_cv_prog_CC='gcc'
ac_cv_prog_CPP='gcc -E'
ac_cv_prog_LEX='flex'
ac_cv_prog_RANLIB='ranlib'
ac_cv_prog_YACC='bison -y'
ac_cv_prog_ac_ct_STRIP='strip'
ac_cv_prog_cc_can_build_shared='yes'
ac_cv_prog_cc_g='yes'
ac_cv_prog_cc_no_builtin=''
ac_cv_prog_cc_pic=' -fPIC -DPIC'
ac_cv_prog_cc_pic_works='yes'
ac_cv_prog_cc_shlib=''
ac_cv_prog_cc_static='-static'
ac_cv_prog_cc_static_works='yes'
ac_cv_prog_cc_stdc=''
ac_cv_prog_cc_wl='-Wl,'
ac_cv_prog_egrep='grep -E'
ac_cv_prog_lex_root='lex.yy'
ac_cv_prog_lex_yytext_pointer='yes'
ac_cv_prog_make_make_set='yes'
ac_cv_search_opendir='none required'
ac_cv_search_strerror='none required'
ac_cv_target='mips-unknown-linux-gnu'
ac_cv_target_alias='mips-linux'
ac_cv_type_off_t='yes'
ac_cv_type_size_t='yes'
ac_cv_working_alloca_h='yes'
am_cv_CC_dependencies_compiler_type='none'
am_cv_val_LC_MESSAGES='yes'
gt_cv_func_gettext_libc='yes'
ld_cv_decl_getopt_unistd_h='yes'
ld_cv_string_concatenation='yes'
lt_cv_compiler_c_o='yes'
lt_cv_deplibs_check_method='pass_all'
lt_cv_file_magic_cmd='$MAGIC_CMD'
lt_cv_file_magic_test_file=''
lt_cv_ld_reload_flag='-r'
lt_cv_path_LD='ld'
lt_cv_path_NM='nm'
lt_cv_prog_gnu_ld='yes'
lt_cv_sys_max_cmd_len='49153'
nls_cv_force_use_gnu_gettext='no'
nls_cv_header_intl='libintl.h'
nls_cv_header_libgt='libgettext.h'
nls_cv_use_gnu_gettext='yes'

## ----------------- ##
## Output variables. ##
## ----------------- ##

ACLOCAL='${SHELL} /home/meghanmurphy31/cs161/cs161-binutils-1.5/binutils-2.17/missing --run aclocal-1.9'
ALLOCA=''
AMDEPBACKSLASH='\'
AMDEP_FALSE='#'
AMDEP_TRUE=''
AMTAR='${SHELL} /home/meghanmurphy31/cs161/cs161-binutils-1.5/binutils-2.17/missing --run tar'
AUTOCONF='${SHELL} /home/meghanmurphy31/cs161/cs161-binutils-1.5/binutils-2.17/missing --run autoconf'
AUTOHEADER='${SHELL} /home/meghanmurphy31/cs161/cs161-binutils-1.5/binutils-2.17/missing --run autoheader'
AUTOMAKE='${SHELL} /home/meghanmurphy31/cs161/cs161-binutils-1.5/binutils-2.17/missing --run automake-1.9'
AWK='gawk'
CATALOGS=' fr.gmo sv.gmo tr.gmo es.gmo da.gmo vi.gmo zh_CN.gmo'
CATOBJEXT='.gmo'
CC='gcc'
CCDEPMODE='depmode=none'
CFLAGS='-fcommon -std=gnu89 -g -O2 -Wno-error '
CPP='gcc -E'
CPPFLAGS=''
CYGPATH_W='echo'
DATADIRNAME='share'
DEFS='-DHAVE_CONFIG_H'
DEPDIR='.deps'
ECHO_C='ECHO_N=''
ECHO_T=''
EGREP='grep -E'
EMUL='elf32btsmip'
EMULATION_LIBPATH='elf32btsmip'
EMULATION_OFILES=' eelf32btsmip.o eelf32ltsmip.o eelf32btsmipn32.o eelf64btsmip.o eelf32ltsmipn32.o eelf64ltsmip.o'
EMUL_EXTRA_OFILES=''
EXEEXT=''
GMOFILES=' fr.gmo sv.gmo tr.gmo es.gmo da.gmo vi.gmo zh_CN.gmo'
GMSGFMT='no'
GT_NO=''
GT_YES='#YES#'
HDEFINES=''
HOSTING_CRT0='-dynamic-linker `${CC} --help --verbose 2>&1 | egrep "ld[^ ]*\.so" | sed -e "s,.*-dynamic-linker[ 	][ 	]*\(.*/ld[^ ]*\.so..\).*,,"` `${CC} --print-file-name=crt1.o` `${CC} --print-file-name=crti.o` `if [ -f ../gcc/crtbegin.o ]; then echo ../gcc/crtbegin.o; else ${CC} --print-file-name=crtbegin.o; fi`'
HOSTING_LIBS='-L`dirname \`${CC} --print-file-name=libc.so\`` `if [ -f ../gcc/libgcc.a ]; then libgcc=../gcc/libgcc.a; else libgcc=\`${CC} -print-libgcc-file-name\`; fi; if [ -f ../gcc/libgcc_eh.a ]; then libgcc="$libgcc ../gcc/libgcc_eh.a"; else libgcc_eh=\`${CC} -print-file-name=libgcc_eh.a\`; if [ x"$libgcc_eh" != xlibgcc_eh.a ]; then libgcc="$libgcc $libgcc_eh"; fi; fi; if [ -f ../gcc/libunwind.a ]; then libgcc="$libgcc ../gcc/libunwind.a"; else libunwind=\`${CC} -print-file-name=libunwind.a\`; if [ x"$libunwind" != xlibunwind.a ]; then libgcc="$libgcc $libunwind"; fi; fi; echo --start-group $libgcc -lc --end-group` `if [ -f ../gcc/crtend.o ]; then echo ../gcc/crtend.o; else ${CC} --print-file-name=crtend.o; fi` `${CC} --print-file-name=crtn.o`'
INCLUDE_LOCALE_H='#include <locale.h>'
INSTALL_DATA='/usr/bin/install -c -m 644'
INSTALL_PROGRAM='/usr/bin/install -c'
INSTALL_SCRIPT='/usr/bin/install -c'
INSTALL_STRIP_PROGRAM='${SHELL} $(install_sh) -c -s'
INSTOBJEXT='.mo'
INTLDEPS='$(top_builddir)/../intl/libintl.a'
INTLLIBS='$(top_builddir)/../intl/libintl.a'
INTLOBJS='$(GETTOBJS)'
LDFLAGS=''
LEX='flex'
LEXLIB='-ll'
LEX_OUTPUT_ROOT='lex.yy'
LIBOBJS=''
LIBS=''
LIBTOOL='$(SHELL) $(top_builddir)/libtool'
LIB_PATH=''
LN_S='ln -s'
LTLIBOBJS=''
MAINT='#'
MAINTAINER_MODE_FALSE=''
MAINTAINER_MODE_TRUE='#'
MAKEINFO='/home/meghanmurphy31/cs161/cs161-binutils-1.5/binutils-2.17/missing makeinfo --split-size=5000000'
MKINSTALLDIRS='$(srcdir)/../../mkinstalldirs'
MSGFMT='no'
NATIVE_LIB_DIRS='/usr/local/lib /lib /usr/lib'
NO_WERROR='-Wno-error'
OBJEXT='o'
PACKAGE='ld'
PACKAGE_BUGREPORT=''
PACKAGE_NAME=''
PACKAGE_STRING=''
PACKAGE_TARNAME=''
PACKAGE_VERSION=''
PATH_SEPARATOR=':'
POFILES=' fr.po sv.po tr.po es.po da.po vi.po zh_CN.po'
POSUB='po'
RANLIB='ranlib'
SET_MAKE=''
SHELL='/bin/sh'
STRINGIFY='astring.sed'
STRIP='strip'
TARGET_SYSTEM_ROOT=''
TARGET_SYSTEM_ROOT_DEFINE='-DTARGET_SYSTEM_ROOT=\"\"'
TESTBFDLIB='../bfd/.libs/libbfd.a'
USE_INCLUDED_LIBINTL='yes'
USE_NLS='yes'
VERSION='2.17'
WARN_CFLAGS='-W -Wall -Wstrict-prototypes -Wmissing-prototypes -Werror'
XGETTEXT=':'
YACC='bison -y'
ac_ct_CC=''
ac_ct_RANLIB=''
ac_ct_STRIP='strip'
am__fastdepCC_FALSE=''
am__fastdepCC_TRUE='#'
am__include='include'
am__leading_dot='.'
am__quote=''
am__tar='${AMTAR} chof - "$$tardir"'
am__untar='${AMTAR} xf -'
bindir='${exec_prefix}/bin'
build='x86_64-unknown-linux-gnu'
build_alias='x86_64-unknown-linux-gnu'
build_cpu='x86_64'
build_os='linux-gnu'
build_vendor='unknown'
datadir='${prefix}/share'
datarootdir='/home/meghanmurphy31/cs161/tools/share'
docdir='/home/meghanmurphy31/cs161/tools/share/doc'
exec_prefix='${prefix}'
host='x86_64-unknown-linux-gnu'
host_alias='x86_64-unknown-linux-gnu'
host_cpu='x86_64'
host_os='linux-gnu'
host_vendor='unknown'
htmldir='/home/meghanmurphy31/cs161/tools/share/doc'
includedir='${prefix}/include'
infodir='${prefix}/info'
install_sh='/home/meghanmurphy31/cs161/cs161-binutils-1.5/binutils-2.17/install-sh'
l=''
libdir='${exec_prefix}/lib'
libexecdir='${exec_prefix}/libexec'
localstatedir='${prefix}/var'
mandir='${prefix}/man'
mkdir_p='mkdir -p --'
oldincludedir='/usr/include'
prefix='/home/meghanmurphy31/cs161/tools'
program_transform_name='s,^,mips-linux-,;'
sbindir='${exec_prefix}/sbin'
sharedstatedir='${prefix}/com'
sysconfdir='${prefix}/etc'
target='mips-unknown-linux-gnu'
target_alias='mips-linux'
target_cpu='mips'
target_os='linux-gnu'
target_vendor='unknown'
use_sysroot='no'

## ------------- ##
## Output files. ##
## ------------- ##

TDIRS='tdirs'

## ----------- ##
## confdefs.h. ##
## ----------- ##

#define ENABLE_NLS 1
#define HAVE_ALLOCA 1
#define HAVE_ALLOCA_H 1
#define HAVE_ARGZ_H 1
#define HAVE_DECL_ENVIRON 0
#define HAVE_DECL_FREE 1
#define HAVE_DECL_GETENV 1
#define HAVE_DECL_GETOPT 1
#define HAVE_DECL_SBRK 1
#define HAVE_DECL_STRSTR 1
#define HAVE_DIRENT_H 1
#define HAVE_GETCWD 1
#define HAVE_GETPAGESIZE 1
#define HAVE_GETTEXT 1
#define HAVE_GLOB 1
#define HAVE_INTTYPES_H 1
#define HAVE_LC_MESSAGES 1
#define HAVE_LIMITS_H 1
#define HAVE_LOCALE_H 1
#define HAVE_MALLOC_H 1
#define HAVE_MEMORY_H 1
#define HAVE_MMAP 1
#define HAVE_MUNMAP 1
#define HAVE_NL_TYPES_H 1
#define HAVE_PUTENV 1
#define HAVE_REALPATH 1
#define HAVE_SBRK 1
#define HAVE_SETENV 1
#define HAVE_SETLOCALE 1
#define HAVE_STDINT_H 1
#define HAVE_STDLIB_H 1
#define HAVE_STDLIB_H 1
#define HAVE_STDLIB_H 1
#define HAVE_STPCPY 1
#define HAVE_STRCASECMP 1
#define HAVE_STRCHR 1
#define HAVE_STRINGS_H 1
#define HAVE_STRINGS_H 1
#define HAVE_STRING_H 1
#define HAVE_STRING_H 1
#define HAVE_STRING_H 1
#define HAVE_SYS_PARAM_H 1
#define HAVE_SYS_STAT_H 1
#define HAVE_SYS_TYPES_H 1
#define HAVE_UNISTD_H 1
#define HAVE_UNISTD_H 1
#define HAVE_UNISTD_H 1
#define HAVE_UNISTD_H 1
#define HAVE_VALUES_H 1
#define HAVE___ARGZ_COUNT 1
#define HAVE___ARGZ_NEXT 1
#define HAVE___ARGZ_STRINGIFY 1
#define PACKAGE "ld"
#define PACKAGE_BUGREPORT ""
#define PACKAGE_NAME ""
#define PACKAGE_STRING ""
#define PACKAGE_TARNAME ""
#define PACKAGE_VERSION ""
#define STDC_HEADERS 1
#define VERSION "2.17"
#define YYTEXT_POINTER 1

configure: exit 0
